#
# There is insufficient memory for the Java Runtime Environment to continue.
# Native memory allocation (malloc) failed to allocate 44736 bytes for Chunk::new
# Possible reasons:
#   The system is out of physical RAM or swap space
#   The process is running with CompressedOops enabled, and the Java Heap may be blocking the growth of the native heap
# Possible solutions:
#   Reduce memory load on the system
#   Increase physical memory or swap space
#   Check if swap backing store is full
#   Decrease Java heap size (-Xmx/-Xms)
#   Decrease number of Java threads
#   Decrease Java thread stack sizes (-Xss)
#   Set larger code cache with -XX:ReservedCodeCacheSize=
#   JVM is running with Zero Based Compressed Oops mode in which the Java heap is
#     placed in the first 32GB address space. The Java Heap base address is the
#     maximum limit for the native heap growth. Please use -XX:HeapBaseMinAddress
#     to set the Java Heap base and to place the Java Heap above 32GB virtual address.
# This output file may be truncated or incomplete.
#
#  Out of Memory Error (allocation.cpp:389), pid=27060, tid=0x0000000000005774
#
# JRE version: Java(TM) SE Runtime Environment (8.0_221-b11) (build 1.8.0_221-b11)
# Java VM: Java HotSpot(TM) 64-Bit Server VM (25.221-b11 mixed mode windows-amd64 compressed oops)
# Failed to write core dump. Minidumps are not enabled by default on client versions of Windows
#

---------------  T H R E A D  ---------------

Current thread (0x000000001eb40800):  JavaThread "C2 CompilerThread0" daemon [_thread_in_native, id=22388, stack(0x000000001f540000,0x000000001f640000)]

Stack: [0x000000001f540000,0x000000001f640000]
[error occurred during error reporting (printing stack bounds), id 0xc0000005]

Native frames: (J=compiled Java code, j=interpreted, Vv=VM code, C=native code)


Current CompileTask:
C2:  21447  407       4       java.lang.AbstractStringBuilder::append (50 bytes)


---------------  P R O C E S S  ---------------

Java Threads: ( => current thread )
  0x000000001e4d8000 JavaThread "Service Thread" daemon [_thread_blocked, id=22872, stack(0x000000001f940000,0x000000001fa40000)]
  0x000000001e4bf800 JavaThread "C1 CompilerThread3" daemon [_thread_in_native, id=21416, stack(0x000000001f840000,0x000000001f940000)]
  0x000000001eb4a000 JavaThread "C2 CompilerThread2" daemon [_thread_blocked, id=5044, stack(0x000000001f740000,0x000000001f840000)]
  0x000000001eb42000 JavaThread "C2 CompilerThread1" daemon [_thread_blocked, id=23332, stack(0x000000001f640000,0x000000001f740000)]
=>0x000000001eb40800 JavaThread "C2 CompilerThread0" daemon [_thread_in_native, id=22388, stack(0x000000001f540000,0x000000001f640000)]
  0x000000001e467000 JavaThread "Attach Listener" daemon [_thread_blocked, id=25620, stack(0x000000001f440000,0x000000001f540000)]
  0x000000001e466000 JavaThread "Signal Dispatcher" daemon [_thread_blocked, id=25628, stack(0x000000001f340000,0x000000001f440000)]
  0x000000001e461800 JavaThread "Finalizer" daemon [_thread_blocked, id=22620, stack(0x000000001e940000,0x000000001ea40000)]
  0x000000001e460800 JavaThread "Reference Handler" daemon [_thread_blocked, id=22616, stack(0x000000001e840000,0x000000001e940000)]
  0x0000000002bd2800 JavaThread "main" [_thread_in_Java, id=27500, stack(0x0000000002ad0000,0x0000000002bd0000)]

Other Threads:
  0x000000001c649000 VMThread [stack: 0x000000001e340000,0x000000001e440000] [id=24316]
  0x000000001e4d8800 WatcherThread [stack: 0x000000001fa40000,0x000000001fb40000] [id=5032]

VM state:not at safepoint (normal execution)

VM Mutex/Monitor currently owned by a thread:  ([mutex/lock_event])
[0x0000000002bd08d0] MethodData_lock - owner thread: 0x000000001e4bf800

heap address: 0x00000006c2c00000, size: 4052 MB, Compressed Oops mode: Zero based, Oop shift amount: 3
Narrow klass base: 0x0000000000000000, Narrow klass shift: 3
Compressed class space size: 1073741824 Address: 0x00000007c0000000

Heap:
 PSYoungGen      total 75776K, used 11719K [0x000000076b980000, 0x0000000770e00000, 0x00000007c0000000)
  eden space 65024K, 18% used [0x000000076b980000,0x000000076c4f1e10,0x000000076f900000)
  from space 10752K, 0% used [0x0000000770380000,0x0000000770380000,0x0000000770e00000)
  to   space 10752K, 0% used [0x000000076f900000,0x000000076f900000,0x0000000770380000)
 ParOldGen       total 173568K, used 0K [0x00000006c2c00000, 0x00000006cd580000, 0x000000076b980000)
  object space 173568K, 0% used [0x00000006c2c00000,0x00000006c2c00000,0x00000006cd580000)
 Metaspace       used 7574K, capacity 7664K, committed 7936K, reserved 1058816K
  class space    used 953K, capacity 976K, committed 1024K, reserved 1048576K

Card table byte_map: [0x0000000012090000,0x0000000012880000] byte_map_base: 0x000000000ea7a000

Marking Bits: (ParMarkBitMap*) 0x00000000758b5ce0
 Begin Bits: [0x00000000135d0000, 0x0000000017520000)
 End Bits:   [0x0000000017520000, 0x000000001b470000)

Polling page: 0x00000000007f0000

CodeCache: size=245760Kb used=2001Kb max_used=2008Kb free=243758Kb
 bounds [0x0000000002cd0000, 0x0000000002f40000, 0x0000000011cd0000]
 total_blobs=733 nmethods=412 adapters=234
 compilation: enabled

Compilation events (10 events):
Event: 21.444 Thread 0x000000001e4bf800  405       1       sun.nio.fs.WindowsDirectoryStream::access$100 (5 bytes)
Event: 21.444 Thread 0x000000001eb40800  407       4       java.lang.AbstractStringBuilder::append (50 bytes)
Event: 21.444 Thread 0x000000001e4bf800 nmethod 405 0x0000000002ec3450 code [0x0000000002ec35a0, 0x0000000002ec3690]
Event: 21.444 Thread 0x000000001e4bf800  406       1       java.nio.file.Files$AcceptAllFilter::accept (2 bytes)
Event: 21.444 Thread 0x000000001e4bf800 nmethod 406 0x0000000002ec3710 code [0x0000000002ec3860, 0x0000000002ec3970]
Event: 21.444 Thread 0x000000001eb42000  408       4       java.lang.String::getChars (62 bytes)
Event: 21.445 Thread 0x000000001e4bf800  409       3       sun.nio.fs.WindowsPath::<init> (26 bytes)
Event: 21.445 Thread 0x000000001e4bf800 nmethod 409 0x0000000002ec39d0 code [0x0000000002ec3b40, 0x0000000002ec3db0]
Event: 21.445 Thread 0x000000001e4bf800  410       3       sun.nio.fs.AbstractPath::<init> (5 bytes)
Event: 21.445 Thread 0x000000001e4bf800 nmethod 410 0x0000000002ec3ed0 code [0x0000000002ec4020, 0x0000000002ec41d0]

GC Heap History (0 events):
No events

Deoptimization events (0 events):
No events

Classes redefined (0 events):
No events

Internal exceptions (10 events):
Event: 7.577 Thread 0x0000000002bd2800 Exception <a 'java/lang/ClassNotFoundException': org/apache/log4j/LayoutCustomizer> (0x000000076c041438) thrown at [C:\re\workspace\8-2-build-windows-amd64-cygwin\jdk8u221\13320\hotspot\src\share\vm\classfile\systemDictionary.cpp, line 210]
Event: 7.582 Thread 0x0000000002bd2800 Exception <a 'java/lang/ClassNotFoundException': org/apache/log4j/PatternLayoutCustomizer> (0x000000076c051830) thrown at [C:\re\workspace\8-2-build-windows-amd64-cygwin\jdk8u221\13320\hotspot\src\share\vm\classfile\systemDictionary.cpp, line 210]
Event: 7.584 Thread 0x0000000002bd2800 Exception <a 'java/lang/ClassNotFoundException': org/apache/log4j/RollingFileAppenderBeanInfo> (0x000000076c05a7a0) thrown at [C:\re\workspace\8-2-build-windows-amd64-cygwin\jdk8u221\13320\hotspot\src\share\vm\classfile\systemDictionary.cpp, line 210]
Event: 7.721 Thread 0x0000000002bd2800 Exception <a 'java/lang/ClassNotFoundException': org/apache/log4j/FileAppenderBeanInfo> (0x000000076c05ca28) thrown at [C:\re\workspace\8-2-build-windows-amd64-cygwin\jdk8u221\13320\hotspot\src\share\vm\classfile\systemDictionary.cpp, line 210]
Event: 7.722 Thread 0x0000000002bd2800 Exception <a 'java/lang/ClassNotFoundException': org/apache/log4j/WriterAppenderBeanInfo> (0x000000076c05ecd0) thrown at [C:\re\workspace\8-2-build-windows-amd64-cygwin\jdk8u221\13320\hotspot\src\share\vm\classfile\systemDictionary.cpp, line 210]
Event: 7.722 Thread 0x0000000002bd2800 Exception <a 'java/lang/ClassNotFoundException': org/apache/log4j/AppenderSkeletonBeanInfo> (0x000000076c061008) thrown at [C:\re\workspace\8-2-build-windows-amd64-cygwin\jdk8u221\13320\hotspot\src\share\vm\classfile\systemDictionary.cpp, line 210]
Event: 7.722 Thread 0x0000000002bd2800 Exception <a 'java/lang/ClassNotFoundException': org/apache/log4j/AppenderSkeletonCustomizer> (0x000000076c0632e8) thrown at [C:\re\workspace\8-2-build-windows-amd64-cygwin\jdk8u221\13320\hotspot\src\share\vm\classfile\systemDictionary.cpp, line 210]
Event: 7.725 Thread 0x0000000002bd2800 Exception <a 'java/lang/ClassNotFoundException': org/apache/log4j/WriterAppenderCustomizer> (0x000000076c077868) thrown at [C:\re\workspace\8-2-build-windows-amd64-cygwin\jdk8u221\13320\hotspot\src\share\vm\classfile\systemDictionary.cpp, line 210]
Event: 7.729 Thread 0x0000000002bd2800 Exception <a 'java/lang/ClassNotFoundException': org/apache/log4j/FileAppenderCustomizer> (0x000000076c0861a0) thrown at [C:\re\workspace\8-2-build-windows-amd64-cygwin\jdk8u221\13320\hotspot\src\share\vm\classfile\systemDictionary.cpp, line 210]
Event: 7.731 Thread 0x0000000002bd2800 Exception <a 'java/lang/ClassNotFoundException': org/apache/log4j/RollingFileAppenderCustomizer> (0x000000076c094f98) thrown at [C:\re\workspace\8-2-build-windows-amd64-cygwin\jdk8u221\13320\hotspot\src\share\vm\classfile\systemDictionary.cpp, line 210]

Events (10 events):
Event: 21.434 loading class java/nio/file/attribute/DosFileAttributes done
Event: 21.434 loading class sun/nio/fs/WindowsFileAttributes done
Event: 21.434 loading class sun/nio/fs/WindowsDirectoryStream$WindowsDirectoryIterator
Event: 21.434 loading class sun/nio/fs/WindowsDirectoryStream$WindowsDirectoryIterator done
Event: 21.434 loading class sun/nio/fs/WindowsPath$WindowsPathWithAttributes
Event: 21.435 loading class sun/nio/fs/BasicFileAttributesHolder
Event: 21.435 loading class sun/nio/fs/BasicFileAttributesHolder done
Event: 21.435 Executing VM operation: CollectForMetadataAllocation
Event: 21.435 Executing VM operation: CollectForMetadataAllocation done
Event: 21.435 loading class sun/nio/fs/WindowsPath$WindowsPathWithAttributes done


Dynamic libraries:
0x00007ff608d70000 - 0x00007ff608da7000 	C:\Program Files\Java\jdk1.8.0_221\bin\java.exe
0x00007ff9c0980000 - 0x00007ff9c0b70000 	C:\WINDOWS\SYSTEM32\ntdll.dll
0x00007ff9bfd00000 - 0x00007ff9bfdb2000 	C:\WINDOWS\System32\KERNEL32.DLL
0x00007ff9bd9b0000 - 0x00007ff9bdc55000 	C:\WINDOWS\System32\KERNELBASE.dll
0x00007ff9c0700000 - 0x00007ff9c07a3000 	C:\WINDOWS\System32\ADVAPI32.dll
0x00007ff9bfa10000 - 0x00007ff9bfaae000 	C:\WINDOWS\System32\msvcrt.dll
0x00007ff9c0290000 - 0x00007ff9c0327000 	C:\WINDOWS\System32\sechost.dll
0x00007ff9bf730000 - 0x00007ff9bf850000 	C:\WINDOWS\System32\RPCRT4.dll
0x00007ff9bfb60000 - 0x00007ff9bfcf5000 	C:\WINDOWS\System32\USER32.dll
0x00007ff9be860000 - 0x00007ff9be881000 	C:\WINDOWS\System32\win32u.dll
0x00007ff9c0260000 - 0x00007ff9c0286000 	C:\WINDOWS\System32\GDI32.dll
0x00007ff9be890000 - 0x00007ff9bea26000 	C:\WINDOWS\System32\gdi32full.dll
0x00007ff9bd910000 - 0x00007ff9bd9ae000 	C:\WINDOWS\System32\msvcp_win.dll
0x00007ff9be4b0000 - 0x00007ff9be5aa000 	C:\WINDOWS\System32\ucrtbase.dll
0x00007ff9a24f0000 - 0x00007ff9a2774000 	C:\WINDOWS\WinSxS\amd64_microsoft.windows.common-controls_6595b64144ccf1df_6.0.18362.1082_none_9e8193e1e45b25c1\COMCTL32.dll
0x00007ff9bfdc0000 - 0x00007ff9c00f5000 	C:\WINDOWS\System32\combase.dll
0x00007ff9be3e0000 - 0x00007ff9be460000 	C:\WINDOWS\System32\bcryptPrimitives.dll
0x00007ff9bef70000 - 0x00007ff9bef9e000 	C:\WINDOWS\System32\IMM32.DLL
0x0000000075940000 - 0x0000000075a12000 	C:\Program Files\Java\jdk1.8.0_221\jre\bin\msvcr100.dll
0x0000000075090000 - 0x0000000075935000 	C:\Program Files\Java\jdk1.8.0_221\jre\bin\server\jvm.dll
0x00007ff9bf720000 - 0x00007ff9bf728000 	C:\WINDOWS\System32\PSAPI.DLL
0x00007ff9b4950000 - 0x00007ff9b4974000 	C:\WINDOWS\SYSTEM32\WINMM.dll
0x00007ff998380000 - 0x00007ff998389000 	C:\WINDOWS\SYSTEM32\WSOCK32.dll
0x00007ff9c08d0000 - 0x00007ff9c093f000 	C:\WINDOWS\System32\WS2_32.dll
0x00007ff9b2cd0000 - 0x00007ff9b2cda000 	C:\WINDOWS\SYSTEM32\VERSION.dll
0x00007ff9b4920000 - 0x00007ff9b494d000 	C:\WINDOWS\SYSTEM32\WINMMBASE.dll
0x00007ff9be5b0000 - 0x00007ff9be5fa000 	C:\WINDOWS\System32\cfgmgr32.dll
0x00007ff9b5b30000 - 0x00007ff9b5b3f000 	C:\Program Files\Java\jdk1.8.0_221\jre\bin\verify.dll
0x00007ff997d40000 - 0x00007ff997d69000 	C:\Program Files\Java\jdk1.8.0_221\jre\bin\java.dll
0x00007ff99e0e0000 - 0x00007ff99e0f6000 	C:\Program Files\Java\jdk1.8.0_221\jre\bin\zip.dll
0x00007ff9befa0000 - 0x00007ff9bf687000 	C:\WINDOWS\System32\SHELL32.dll
0x00007ff9bfab0000 - 0x00007ff9bfb59000 	C:\WINDOWS\System32\shcore.dll
0x00007ff9bdc60000 - 0x00007ff9be3e0000 	C:\WINDOWS\System32\windows.storage.dll
0x00007ff9bd8e0000 - 0x00007ff9bd903000 	C:\WINDOWS\System32\profapi.dll
0x00007ff9bd870000 - 0x00007ff9bd8ba000 	C:\WINDOWS\System32\powrprof.dll
0x00007ff9bd840000 - 0x00007ff9bd850000 	C:\WINDOWS\System32\UMPDC.dll
0x00007ff9bea30000 - 0x00007ff9bea82000 	C:\WINDOWS\System32\shlwapi.dll
0x00007ff9bd850000 - 0x00007ff9bd861000 	C:\WINDOWS\System32\kernel.appcore.dll
0x00007ff9be460000 - 0x00007ff9be477000 	C:\WINDOWS\System32\cryptsp.dll
0x00007ff99ac10000 - 0x00007ff99ac2a000 	C:\Program Files\Java\jdk1.8.0_221\jre\bin\net.dll
0x00007ff9a2ba0000 - 0x00007ff9a2d76000 	C:\WINDOWS\SYSTEM32\urlmon.dll
0x00007ff9a4d40000 - 0x00007ff9a4fe6000 	C:\WINDOWS\SYSTEM32\iertutil.dll
0x00007ff9bd260000 - 0x00007ff9bd26c000 	C:\WINDOWS\SYSTEM32\CRYPTBASE.DLL
0x00007ff9bd090000 - 0x00007ff9bd0f7000 	C:\WINDOWS\system32\mswsock.dll
0x00007ff9978a0000 - 0x00007ff9978b2000 	C:\Program Files\Java\jdk1.8.0_221\jre\bin\nio.dll
0x00007ff9bcc00000 - 0x00007ff9bcc33000 	C:\WINDOWS\system32\rsaenh.dll
0x00007ff9be480000 - 0x00007ff9be4a6000 	C:\WINDOWS\System32\bcrypt.dll
0x00007ff9bd760000 - 0x00007ff9bd785000 	C:\WINDOWS\SYSTEM32\USERENV.dll
0x00007ff9bcda0000 - 0x00007ff9bcdda000 	C:\WINDOWS\SYSTEM32\IPHLPAPI.DLL
0x00007ff9c07b0000 - 0x00007ff9c07b8000 	C:\WINDOWS\System32\NSI.dll
0x00007ff9b7e70000 - 0x00007ff9b7e86000 	C:\WINDOWS\SYSTEM32\dhcpcsvc6.DLL
0x00007ff9b7e50000 - 0x00007ff9b7e6c000 	C:\WINDOWS\SYSTEM32\dhcpcsvc.DLL
0x00007ff9bcdf0000 - 0x00007ff9bcebb000 	C:\WINDOWS\SYSTEM32\DNSAPI.dll

VM Arguments:
java_command: E:\MapRedCloud2\CloudComp2\out\artifacts\WordReducerProject_jar\WordReducerProject.jar R_2 6
java_class_path (initial): E:\MapRedCloud2\CloudComp2\out\artifacts\WordReducerProject_jar\WordReducerProject.jar
Launcher Type: SUN_STANDARD

Environment Variables:
JAVA_HOME=C:\Program Files\Java\jdk1.8.0_221
PATH=C:\Program Files (x86)\Common Files\Oracle\Java\javapath;C:\windows\system32;C:\windows;C:\windows\System32\Wbem;C:\windows\System32\WindowsPowerShell\v1.0\;C:\windows\System32\OpenSSH\;C:\Program Files (x86)\Intel\Intel(R) Management Engine Components\DAL;C:\Program Files\Intel\Intel(R) Management Engine Components\DAL;C:\Program Files (x86)\NVIDIA Corporation\PhysX\Common;C:\Program Files\NVIDIA Corporation\NVIDIA NvDLISR;C:\Program Files\Intel\WiFi\bin\;C:\Program Files\Common Files\Intel\WirelessCommon\;C:\WINDOWS\system32;C:\WINDOWS;C:\WINDOWS\System32\Wbem;C:\WINDOWS\System32\WindowsPowerShell\v1.0\;C:\WINDOWS\System32\OpenSSH\;C:\Program Files\PuTTY\;C:\Program Files\nodejs\;C:\Program Files\Git\cmd;C:\Program Files\Amazon\AWSCLI\bin\;C:\Program Files\Common Files\Tom Sawyer Software\10.0.0;C:\Users\jejur\anacondanew;C:\Users\jejur\anacondanew\Library\mingw-w64\bin;C:\Users\jejur\anacondanew\Library\usr\bin;C:\Users\jejur\anacondanew\Library\bin;C:\Users\jejur\anacondanew\Scripts;C:\Users\jejur\AppData\Local\Microsoft\WindowsApps;C:\Users\jejur\AppData\Roaming\npm;C:\Users\jejur\AppData\Local\GitHubDesktop\bin;C:\Users\jejur\AppData\Local\Programs\Microsoft VS Code\bin;E:\ZooKeeper\zookeeper-3.4.14\bin;C:\Program Files\Java\jdk1.8.0_221\bin;C:\Users\jejur\AppData\Local\Box\Box Edit\;E:\apache-maven-3.6.3\bin;
USERNAME=jejur
OS=Windows_NT
PROCESSOR_IDENTIFIER=Intel64 Family 6 Model 142 Stepping 11, GenuineIntel



---------------  S Y S T E M  ---------------

OS: Windows 10.0 , 64 bit Build 18362 (10.0.18362.1082)

CPU:total 8 (initial active 8) (4 cores per cpu, 2 threads per core) family 6 model 142 stepping 11, cmov, cx8, fxsr, mmx, sse, sse2, sse3, ssse3, sse4.1, sse4.2, popcnt, avx, avx2, aes, clmul, erms, 3dnowpref, lzcnt, ht, tsc, tscinvbit, bmi1, bmi2, adx

Memory: 4k page, physical 16594356k(4941692k free), swap 39111984k(5132k free)

vm_info: Java HotSpot(TM) 64-Bit Server VM (25.221-b11) for windows-amd64 JRE (1.8.0_221-b11), built on Jul  4 2019 04:39:29 by "java_re" with MS VC++ 10.0 (VS2010)

time: Sun Oct 11 14:27:34 2020
timezone: US Eastern Daylight Time
elapsed time: 21 seconds (0d 0h 0m 21s)

