#
# There is insufficient memory for the Java Runtime Environment to continue.
# Native memory allocation (malloc) failed to allocate 32744 bytes for ChunkPool::allocate
# Possible reasons:
#   The system is out of physical RAM or swap space
#   The process is running with CompressedOops enabled, and the Java Heap may be blocking the growth of the native heap
# Possible solutions:
#   Reduce memory load on the system
#   Increase physical memory or swap space
#   Check if swap backing store is full
#   Decrease Java heap size (-Xmx/-Xms)
#   Decrease number of Java threads
#   Decrease Java thread stack sizes (-Xss)
#   Set larger code cache with -XX:ReservedCodeCacheSize=
#   JVM is running with Zero Based Compressed Oops mode in which the Java heap is
#     placed in the first 32GB address space. The Java Heap base address is the
#     maximum limit for the native heap growth. Please use -XX:HeapBaseMinAddress
#     to set the Java Heap base and to place the Java Heap above 32GB virtual address.
# This output file may be truncated or incomplete.
#
#  Out of Memory Error (allocation.cpp:272), pid=22256, tid=0x0000000000005918
#
# JRE version: Java(TM) SE Runtime Environment (8.0_221-b11) (build 1.8.0_221-b11)
# Java VM: Java HotSpot(TM) 64-Bit Server VM (25.221-b11 mixed mode windows-amd64 compressed oops)
# Failed to write core dump. Minidumps are not enabled by default on client versions of Windows
#

---------------  T H R E A D  ---------------

Current thread (0x000000001e57d800):  JavaThread "C2 CompilerThread0" daemon [_thread_in_native, id=22808, stack(0x000000001ee50000,0x000000001ef50000)]

Stack: [0x000000001ee50000,0x000000001ef50000]
[error occurred during error reporting (printing stack bounds), id 0xc0000005]

Native frames: (J=compiled Java code, j=interpreted, Vv=VM code, C=native code)


Current CompileTask:
C2:   7069  360       4       sun.nio.cs.SingleByte$Encoder::encode (32 bytes)


---------------  P R O C E S S  ---------------

Java Threads: ( => current thread )
  0x0000000002cd2800 JavaThread "DestroyJavaVM" [_thread_in_native, id=13612, stack(0x0000000002bd0000,0x0000000002cd0000)]
  0x000000001e595800 JavaThread "Service Thread" daemon [_thread_blocked, id=22952, stack(0x000000001f250000,0x000000001f350000)]
  0x000000001e588800 JavaThread "C1 CompilerThread3" daemon [_thread_in_native, id=22820, stack(0x000000001f150000,0x000000001f250000)]
  0x000000001e584800 JavaThread "C2 CompilerThread2" daemon [_thread_blocked, id=22816, stack(0x000000001f050000,0x000000001f150000)]
  0x000000001e583800 JavaThread "C2 CompilerThread1" daemon [_thread_blocked, id=22812, stack(0x000000001ef50000,0x000000001f050000)]
=>0x000000001e57d800 JavaThread "C2 CompilerThread0" daemon [_thread_in_native, id=22808, stack(0x000000001ee50000,0x000000001ef50000)]
  0x000000001e578000 JavaThread "Attach Listener" daemon [_thread_blocked, id=22804, stack(0x000000001ed50000,0x000000001ee50000)]
  0x000000001e577000 JavaThread "Signal Dispatcher" daemon [_thread_blocked, id=22800, stack(0x000000001ec50000,0x000000001ed50000)]
  0x000000001e570800 JavaThread "Finalizer" daemon [_thread_blocked, id=14772, stack(0x000000001ea50000,0x000000001eb50000)]
  0x000000001c74d000 JavaThread "Reference Handler" daemon [_thread_blocked, id=9076, stack(0x000000001e950000,0x000000001ea50000)]

Other Threads:
  0x000000001c749800 VMThread [stack: 0x000000001e450000,0x000000001e550000] [id=12636]
  0x000000001e596800 WatcherThread [stack: 0x000000001f350000,0x000000001f450000] [id=22956]

VM state:not at safepoint (normal execution)

VM Mutex/Monitor currently owned by a thread: None

heap address: 0x00000006c2c00000, size: 4052 MB, Compressed Oops mode: Zero based, Oop shift amount: 3
Narrow klass base: 0x0000000000000000, Narrow klass shift: 3
Compressed class space size: 1073741824 Address: 0x00000007c0000000

Heap:
 PSYoungGen      total 75776K, used 13021K [0x000000076b980000, 0x0000000770e00000, 0x00000007c0000000)
  eden space 65024K, 20% used [0x000000076b980000,0x000000076c6377c0,0x000000076f900000)
  from space 10752K, 0% used [0x0000000770380000,0x0000000770380000,0x0000000770e00000)
  to   space 10752K, 0% used [0x000000076f900000,0x000000076f900000,0x0000000770380000)
 ParOldGen       total 173568K, used 0K [0x00000006c2c00000, 0x00000006cd580000, 0x000000076b980000)
  object space 173568K, 0% used [0x00000006c2c00000,0x00000006c2c00000,0x00000006cd580000)
 Metaspace       used 7335K, capacity 7376K, committed 7680K, reserved 1056768K
  class space    used 930K, capacity 944K, committed 1024K, reserved 1048576K

Card table byte_map: [0x0000000012190000,0x0000000012980000] byte_map_base: 0x000000000eb7a000

Marking Bits: (ParMarkBitMap*) 0x00000000758b5ce0
 Begin Bits: [0x00000000136d0000, 0x0000000017620000)
 End Bits:   [0x0000000017620000, 0x000000001b570000)

Polling page: 0x0000000000cf0000

CodeCache: size=245760Kb used=1891Kb max_used=1901Kb free=243868Kb
 bounds [0x0000000002dd0000, 0x0000000003040000, 0x0000000011dd0000]
 total_blobs=668 nmethods=359 adapters=222
 compilation: enabled

Compilation events (10 events):
Event: 2.712 Thread 0x000000001e588800 nmethod 356 0x0000000002fa6390 code [0x0000000002fa6500, 0x0000000002fa67f0]
Event: 2.712 Thread 0x000000001e588800  357       1       java.lang.ThreadLocal::access$400 (5 bytes)
Event: 2.712 Thread 0x000000001e588800 nmethod 357 0x0000000002fa60d0 code [0x0000000002fa6220, 0x0000000002fa6310]
Event: 2.712 Thread 0x000000001e588800  358       1       java.nio.charset.Charset::name (5 bytes)
Event: 2.712 Thread 0x000000001e588800 nmethod 358 0x0000000002fa5e10 code [0x0000000002fa5f60, 0x0000000002fa6070]
Event: 2.716 Thread 0x000000001e583800 nmethod 353 0x0000000002fabad0 code [0x0000000002fabc20, 0x0000000002fabe98]
Event: 7.067 Thread 0x000000001e588800  359       3       java.nio.ByteBuffer::arrayOffset (35 bytes)
Event: 7.068 Thread 0x000000001e57d800  360       4       sun.nio.cs.SingleByte$Encoder::encode (32 bytes)
Event: 7.068 Thread 0x000000001e588800 nmethod 359 0x0000000002fab550 code [0x0000000002fab6e0, 0x0000000002fab9d8]
Event: 7.068 Thread 0x000000001e588800  361       3       java.nio.Buffer::position (43 bytes)

GC Heap History (0 events):
No events

Deoptimization events (1 events):
Event: 2.394 Thread 0x0000000002cd2800 Uncommon trap: reason=null_check action=make_not_entrant pc=0x0000000002f7bad4 method=java.lang.String.equals(Ljava/lang/Object;)Z @ 8

Classes redefined (0 events):
No events

Internal exceptions (10 events):
Event: 1.898 Thread 0x0000000002cd2800 Exception <a 'java/lang/ClassNotFoundException': org/apache/log4j/AppenderSkeletonBeanInfo> (0x000000076c061008) thrown at [C:\re\workspace\8-2-build-windows-amd64-cygwin\jdk8u221\13320\hotspot\src\share\vm\classfile\systemDictionary.cpp, line 210]
Event: 1.898 Thread 0x0000000002cd2800 Exception <a 'java/lang/ClassNotFoundException': org/apache/log4j/AppenderSkeletonCustomizer> (0x000000076c0632e8) thrown at [C:\re\workspace\8-2-build-windows-amd64-cygwin\jdk8u221\13320\hotspot\src\share\vm\classfile\systemDictionary.cpp, line 210]
Event: 1.903 Thread 0x0000000002cd2800 Exception <a 'java/lang/ClassNotFoundException': org/apache/log4j/WriterAppenderCustomizer> (0x000000076c077868) thrown at [C:\re\workspace\8-2-build-windows-amd64-cygwin\jdk8u221\13320\hotspot\src\share\vm\classfile\systemDictionary.cpp, line 210]
Event: 1.905 Thread 0x0000000002cd2800 Exception <a 'java/lang/ClassNotFoundException': org/apache/log4j/FileAppenderCustomizer> (0x000000076c0861a0) thrown at [C:\re\workspace\8-2-build-windows-amd64-cygwin\jdk8u221\13320\hotspot\src\share\vm\classfile\systemDictionary.cpp, line 210]
Event: 1.906 Thread 0x0000000002cd2800 Exception <a 'java/lang/ClassNotFoundException': org/apache/log4j/RollingFileAppenderCustomizer> (0x000000076c094f70) thrown at [C:\re\workspace\8-2-build-windows-amd64-cygwin\jdk8u221\13320\hotspot\src\share\vm\classfile\systemDictionary.cpp, line 210]
Event: 2.394 Thread 0x0000000002cd2800 Implicit null exception at 0x0000000002f7b8e6 to 0x0000000002f7bac5
Event: 7.063 Thread 0x0000000002cd2800 Exception <a 'java/lang/Error': IP Helper Library GetIpAddrTable function failed> (0x000000076c3b15d0) thrown at [C:\re\workspace\8-2-build-windows-amd64-cygwin\jdk8u221\13320\hotspot\src\share\vm\prims\jni.cpp, line 736]
Event: 7.063 Thread 0x0000000002cd2800 Exception <a 'java/lang/Error'> (0x000000076c3b15d0) thrown at [C:\re\workspace\8-2-build-windows-amd64-cygwin\jdk8u221\13320\hotspot\src\share\vm\prims\jvm.cpp, line 1506]
Event: 7.063 Thread 0x0000000002cd2800 Exception <a 'java/lang/Error'> (0x000000076c3b15d0) thrown at [C:\re\workspace\8-2-build-windows-amd64-cygwin\jdk8u221\13320\hotspot\src\share\vm\oops\instanceKlass.cpp, line 959]
Event: 7.066 Thread 0x0000000002cd2800 Exception <a 'java/lang/Error'> (0x000000076c3b15d0) thrown at [C:\re\workspace\8-2-build-windows-amd64-cygwin\jdk8u221\13320\hotspot\src\share\vm\prims\jvm.cpp, line 1506]

Events (10 events):
Event: 2.713 loading class java/net/DefaultInterface
Event: 2.713 loading class java/net/DefaultInterface done
Event: 4.724 Executing VM operation: EnableBiasedLocking
Event: 4.724 Executing VM operation: EnableBiasedLocking done
Event: 7.066 loading class java/lang/Throwable$WrappedPrintStream
Event: 7.066 loading class java/lang/Throwable$PrintStreamOrWriter
Event: 7.066 loading class java/lang/Throwable$PrintStreamOrWriter done
Event: 7.066 loading class java/lang/Throwable$WrappedPrintStream done
Event: 7.067 loading class java/util/IdentityHashMap$KeySet
Event: 7.067 loading class java/util/IdentityHashMap$KeySet done


Dynamic libraries:
0x00007ff608d70000 - 0x00007ff608da7000 	C:\Program Files\Java\jdk1.8.0_221\bin\java.exe
0x00007ff9c0980000 - 0x00007ff9c0b70000 	C:\WINDOWS\SYSTEM32\ntdll.dll
0x00007ff9bfd00000 - 0x00007ff9bfdb2000 	C:\WINDOWS\System32\KERNEL32.DLL
0x00007ff9bd9b0000 - 0x00007ff9bdc55000 	C:\WINDOWS\System32\KERNELBASE.dll
0x00007ff9c0700000 - 0x00007ff9c07a3000 	C:\WINDOWS\System32\ADVAPI32.dll
0x00007ff9bfa10000 - 0x00007ff9bfaae000 	C:\WINDOWS\System32\msvcrt.dll
0x00007ff9c0290000 - 0x00007ff9c0327000 	C:\WINDOWS\System32\sechost.dll
0x00007ff9bf730000 - 0x00007ff9bf850000 	C:\WINDOWS\System32\RPCRT4.dll
0x00007ff9bfb60000 - 0x00007ff9bfcf5000 	C:\WINDOWS\System32\USER32.dll
0x00007ff9be860000 - 0x00007ff9be881000 	C:\WINDOWS\System32\win32u.dll
0x00007ff9c0260000 - 0x00007ff9c0286000 	C:\WINDOWS\System32\GDI32.dll
0x00007ff9be890000 - 0x00007ff9bea26000 	C:\WINDOWS\System32\gdi32full.dll
0x00007ff9bd910000 - 0x00007ff9bd9ae000 	C:\WINDOWS\System32\msvcp_win.dll
0x00007ff9be4b0000 - 0x00007ff9be5aa000 	C:\WINDOWS\System32\ucrtbase.dll
0x00007ff9a24f0000 - 0x00007ff9a2774000 	C:\WINDOWS\WinSxS\amd64_microsoft.windows.common-controls_6595b64144ccf1df_6.0.18362.1082_none_9e8193e1e45b25c1\COMCTL32.dll
0x00007ff9bfdc0000 - 0x00007ff9c00f5000 	C:\WINDOWS\System32\combase.dll
0x00007ff9be3e0000 - 0x00007ff9be460000 	C:\WINDOWS\System32\bcryptPrimitives.dll
0x00007ff9bef70000 - 0x00007ff9bef9e000 	C:\WINDOWS\System32\IMM32.DLL
0x0000000075940000 - 0x0000000075a12000 	C:\Program Files\Java\jdk1.8.0_221\jre\bin\msvcr100.dll
0x0000000075090000 - 0x0000000075935000 	C:\Program Files\Java\jdk1.8.0_221\jre\bin\server\jvm.dll
0x00007ff9bf720000 - 0x00007ff9bf728000 	C:\WINDOWS\System32\PSAPI.DLL
0x00007ff998380000 - 0x00007ff998389000 	C:\WINDOWS\SYSTEM32\WSOCK32.dll
0x00007ff9c08d0000 - 0x00007ff9c093f000 	C:\WINDOWS\System32\WS2_32.dll
0x00007ff9b4950000 - 0x00007ff9b4974000 	C:\WINDOWS\SYSTEM32\WINMM.dll
0x00007ff9b2cd0000 - 0x00007ff9b2cda000 	C:\WINDOWS\SYSTEM32\VERSION.dll
0x00007ff9b4920000 - 0x00007ff9b494d000 	C:\WINDOWS\SYSTEM32\WINMMBASE.dll
0x00007ff9be5b0000 - 0x00007ff9be5fa000 	C:\WINDOWS\System32\cfgmgr32.dll
0x00007ff9b5b30000 - 0x00007ff9b5b3f000 	C:\Program Files\Java\jdk1.8.0_221\jre\bin\verify.dll
0x00007ff997d40000 - 0x00007ff997d69000 	C:\Program Files\Java\jdk1.8.0_221\jre\bin\java.dll
0x00007ff99e0e0000 - 0x00007ff99e0f6000 	C:\Program Files\Java\jdk1.8.0_221\jre\bin\zip.dll
0x00007ff9befa0000 - 0x00007ff9bf687000 	C:\WINDOWS\System32\SHELL32.dll
0x00007ff9bfab0000 - 0x00007ff9bfb59000 	C:\WINDOWS\System32\shcore.dll
0x00007ff9bdc60000 - 0x00007ff9be3e0000 	C:\WINDOWS\System32\windows.storage.dll
0x00007ff9bd8e0000 - 0x00007ff9bd903000 	C:\WINDOWS\System32\profapi.dll
0x00007ff9bd870000 - 0x00007ff9bd8ba000 	C:\WINDOWS\System32\powrprof.dll
0x00007ff9bd840000 - 0x00007ff9bd850000 	C:\WINDOWS\System32\UMPDC.dll
0x00007ff9bea30000 - 0x00007ff9bea82000 	C:\WINDOWS\System32\shlwapi.dll
0x00007ff9bd850000 - 0x00007ff9bd861000 	C:\WINDOWS\System32\kernel.appcore.dll
0x00007ff9be460000 - 0x00007ff9be477000 	C:\WINDOWS\System32\cryptsp.dll
0x00007ff99ac10000 - 0x00007ff99ac2a000 	C:\Program Files\Java\jdk1.8.0_221\jre\bin\net.dll
0x00007ff9a2ba0000 - 0x00007ff9a2d76000 	C:\WINDOWS\SYSTEM32\urlmon.dll
0x00007ff9a4d40000 - 0x00007ff9a4fe6000 	C:\WINDOWS\SYSTEM32\iertutil.dll
0x00007ff9bd260000 - 0x00007ff9bd26c000 	C:\WINDOWS\SYSTEM32\CRYPTBASE.DLL
0x00007ff9bd090000 - 0x00007ff9bd0f7000 	C:\WINDOWS\system32\mswsock.dll
0x00007ff9978a0000 - 0x00007ff9978b2000 	C:\Program Files\Java\jdk1.8.0_221\jre\bin\nio.dll
0x00007ff9bcc00000 - 0x00007ff9bcc33000 	C:\WINDOWS\system32\rsaenh.dll
0x00007ff9be480000 - 0x00007ff9be4a6000 	C:\WINDOWS\System32\bcrypt.dll
0x00007ff9bd760000 - 0x00007ff9bd785000 	C:\WINDOWS\SYSTEM32\USERENV.dll
0x00007ff9bcda0000 - 0x00007ff9bcdda000 	C:\WINDOWS\SYSTEM32\IPHLPAPI.DLL
0x00007ff9c07b0000 - 0x00007ff9c07b8000 	C:\WINDOWS\System32\NSI.dll
0x00007ff9b7e70000 - 0x00007ff9b7e86000 	C:\WINDOWS\SYSTEM32\dhcpcsvc6.DLL
0x00007ff9b7e50000 - 0x00007ff9b7e6c000 	C:\WINDOWS\SYSTEM32\dhcpcsvc.DLL
0x00007ff9bcdf0000 - 0x00007ff9bcebb000 	C:\WINDOWS\SYSTEM32\DNSAPI.dll

VM Arguments:
java_command: E:\MapRedCloud2\CloudComp2\out\artifacts\WordReducerProject_jar\WordReducerProject.jar R_1 6
java_class_path (initial): E:\MapRedCloud2\CloudComp2\out\artifacts\WordReducerProject_jar\WordReducerProject.jar
Launcher Type: SUN_STANDARD

Environment Variables:
JAVA_HOME=C:\Program Files\Java\jdk1.8.0_221
PATH=C:\Program Files (x86)\Common Files\Oracle\Java\javapath;C:\windows\system32;C:\windows;C:\windows\System32\Wbem;C:\windows\System32\WindowsPowerShell\v1.0\;C:\windows\System32\OpenSSH\;C:\Program Files (x86)\Intel\Intel(R) Management Engine Components\DAL;C:\Program Files\Intel\Intel(R) Management Engine Components\DAL;C:\Program Files (x86)\NVIDIA Corporation\PhysX\Common;C:\Program Files\NVIDIA Corporation\NVIDIA NvDLISR;C:\Program Files\Intel\WiFi\bin\;C:\Program Files\Common Files\Intel\WirelessCommon\;C:\WINDOWS\system32;C:\WINDOWS;C:\WINDOWS\System32\Wbem;C:\WINDOWS\System32\WindowsPowerShell\v1.0\;C:\WINDOWS\System32\OpenSSH\;C:\Program Files\PuTTY\;C:\Program Files\nodejs\;C:\Program Files\Git\cmd;C:\Program Files\Amazon\AWSCLI\bin\;C:\Program Files\Common Files\Tom Sawyer Software\10.0.0;C:\Users\jejur\anacondanew;C:\Users\jejur\anacondanew\Library\mingw-w64\bin;C:\Users\jejur\anacondanew\Library\usr\bin;C:\Users\jejur\anacondanew\Library\bin;C:\Users\jejur\anacondanew\Scripts;C:\Users\jejur\AppData\Local\Microsoft\WindowsApps;C:\Users\jejur\AppData\Roaming\npm;C:\Users\jejur\AppData\Local\GitHubDesktop\bin;C:\Users\jejur\AppData\Local\Programs\Microsoft VS Code\bin;E:\ZooKeeper\zookeeper-3.4.14\bin;C:\Program Files\Java\jdk1.8.0_221\bin;C:\Users\jejur\AppData\Local\Box\Box Edit\;E:\apache-maven-3.6.3\bin;
USERNAME=jejur
OS=Windows_NT
PROCESSOR_IDENTIFIER=Intel64 Family 6 Model 142 Stepping 11, GenuineIntel



---------------  S Y S T E M  ---------------

OS: Windows 10.0 , 64 bit Build 18362 (10.0.18362.1082)

CPU:total 8 (initial active 8) (4 cores per cpu, 2 threads per core) family 6 model 142 stepping 11, cmov, cx8, fxsr, mmx, sse, sse2, sse3, ssse3, sse4.1, sse4.2, popcnt, avx, avx2, aes, clmul, erms, 3dnowpref, lzcnt, ht, tsc, tscinvbit, bmi1, bmi2, adx

Memory: 4k page, physical 16594356k(5939440k free), swap 39111984k(3916k free)

vm_info: Java HotSpot(TM) 64-Bit Server VM (25.221-b11) for windows-amd64 JRE (1.8.0_221-b11), built on Jul  4 2019 04:39:29 by "java_re" with MS VC++ 10.0 (VS2010)

time: Sun Oct 11 14:26:03 2020
timezone: US Eastern Daylight Time
elapsed time: 7 seconds (0d 0h 0m 7s)

