#
# There is insufficient memory for the Java Runtime Environment to continue.
# Native memory allocation (malloc) failed to allocate 32784 bytes for Chunk::new
# Possible reasons:
#   The system is out of physical RAM or swap space
#   The process is running with CompressedOops enabled, and the Java Heap may be blocking the growth of the native heap
# Possible solutions:
#   Reduce memory load on the system
#   Increase physical memory or swap space
#   Check if swap backing store is full
#   Decrease Java heap size (-Xmx/-Xms)
#   Decrease number of Java threads
#   Decrease Java thread stack sizes (-Xss)
#   Set larger code cache with -XX:ReservedCodeCacheSize=
#   JVM is running with Zero Based Compressed Oops mode in which the Java heap is
#     placed in the first 32GB address space. The Java Heap base address is the
#     maximum limit for the native heap growth. Please use -XX:HeapBaseMinAddress
#     to set the Java Heap base and to place the Java Heap above 32GB virtual address.
# This output file may be truncated or incomplete.
#
#  Out of Memory Error (allocation.cpp:389), pid=27508, tid=0x0000000000005b08
#
# JRE version: Java(TM) SE Runtime Environment (8.0_221-b11) (build 1.8.0_221-b11)
# Java VM: Java HotSpot(TM) 64-Bit Server VM (25.221-b11 mixed mode windows-amd64 compressed oops)
# Failed to write core dump. Minidumps are not enabled by default on client versions of Windows
#

---------------  T H R E A D  ---------------

Current thread (0x000000001e6ec000):  JavaThread "C2 CompilerThread0" daemon [_thread_in_native, id=23304, stack(0x000000001efc0000,0x000000001f0c0000)]

Stack: [0x000000001efc0000,0x000000001f0c0000]
[error occurred during error reporting (printing stack bounds), id 0xc0000005]

Native frames: (J=compiled Java code, j=interpreted, Vv=VM code, C=native code)


Current CompileTask:
C2:  19919  423 %     4       sun.security.provider.SHA::implCompress @ 12 (491 bytes)


---------------  P R O C E S S  ---------------

Java Threads: ( => current thread )
  0x000000001e74e000 JavaThread "Service Thread" daemon [_thread_blocked, id=25164, stack(0x000000001f3c0000,0x000000001f4c0000)]
  0x000000001e749800 JavaThread "C1 CompilerThread3" daemon [_thread_blocked, id=14228, stack(0x000000001f2c0000,0x000000001f3c0000)]
  0x000000001e746000 JavaThread "C2 CompilerThread2" daemon [_thread_blocked, id=1460, stack(0x000000001f1c0000,0x000000001f2c0000)]
  0x000000001e6ee000 JavaThread "C2 CompilerThread1" daemon [_thread_blocked, id=5912, stack(0x000000001f0c0000,0x000000001f1c0000)]
=>0x000000001e6ec000 JavaThread "C2 CompilerThread0" daemon [_thread_in_native, id=23304, stack(0x000000001efc0000,0x000000001f0c0000)]
  0x000000001e6e8000 JavaThread "Attach Listener" daemon [_thread_blocked, id=23868, stack(0x000000001eec0000,0x000000001efc0000)]
  0x000000001e6e7000 JavaThread "Signal Dispatcher" daemon [_thread_blocked, id=27376, stack(0x000000001edc0000,0x000000001eec0000)]
  0x000000001e6e1000 JavaThread "Finalizer" daemon [_thread_blocked, id=25352, stack(0x000000001ebc0000,0x000000001ecc0000)]
  0x000000001e6e0800 JavaThread "Reference Handler" daemon [_thread_blocked, id=25356, stack(0x000000001eac0000,0x000000001ebc0000)]
  0x0000000002e62800 JavaThread "main" [_thread_in_vm, id=22492, stack(0x0000000002d60000,0x0000000002e60000)]

Other Threads:
  0x000000001c8d9000 VMThread [stack: 0x000000001e5c0000,0x000000001e6c0000] [id=21124]
  0x000000001e753800 WatcherThread [stack: 0x000000001f4c0000,0x000000001f5c0000] [id=14212]

VM state:not at safepoint (normal execution)

VM Mutex/Monitor currently owned by a thread:  ([mutex/lock_event])
[0x0000000000f5d630] SignatureHandlerLibrary_lock - owner thread: 0x0000000000000000

heap address: 0x00000006c2c00000, size: 4052 MB, Compressed Oops mode: Zero based, Oop shift amount: 3
Narrow klass base: 0x0000000000000000, Narrow klass shift: 3
Compressed class space size: 1073741824 Address: 0x00000007c0000000

Heap:
 PSYoungGen      total 75776K, used 11719K [0x000000076b980000, 0x0000000770e00000, 0x00000007c0000000)
  eden space 65024K, 18% used [0x000000076b980000,0x000000076c4f1dd0,0x000000076f900000)
  from space 10752K, 0% used [0x0000000770380000,0x0000000770380000,0x0000000770e00000)
  to   space 10752K, 0% used [0x000000076f900000,0x000000076f900000,0x0000000770380000)
 ParOldGen       total 173568K, used 0K [0x00000006c2c00000, 0x00000006cd580000, 0x000000076b980000)
  object space 173568K, 0% used [0x00000006c2c00000,0x00000006c2c00000,0x00000006cd580000)
 Metaspace       used 7598K, capacity 7664K, committed 7936K, reserved 1056768K
  class space    used 956K, capacity 976K, committed 1024K, reserved 1048576K

Card table byte_map: [0x0000000012320000,0x0000000012b10000] byte_map_base: 0x000000000ed0a000

Marking Bits: (ParMarkBitMap*) 0x00000000758b5ce0
 Begin Bits: [0x0000000013860000, 0x00000000177b0000)
 End Bits:   [0x00000000177b0000, 0x000000001b700000)

Polling page: 0x0000000000f90000

CodeCache: size=245760Kb used=2072Kb max_used=2072Kb free=243687Kb
 bounds [0x0000000002f60000, 0x00000000031d0000, 0x0000000011f60000]
 total_blobs=748 nmethods=427 adapters=234
 compilation: enabled

Compilation events (10 events):
Event: 19.906 Thread 0x000000001e749800 nmethod 420 0x000000000315dad0 code [0x000000000315e040, 0x0000000003161c28]
Event: 19.906 Thread 0x000000001e749800  414       3       java.security.MessageDigest::update (14 bytes)
Event: 19.906 Thread 0x000000001e749800 nmethod 414 0x0000000003159b10 code [0x0000000003159c80, 0x0000000003159ec8]
Event: 19.906 Thread 0x000000001e749800  415       3       java.security.MessageDigest$Delegate::engineUpdate (11 bytes)
Event: 19.906 Thread 0x000000001e749800 nmethod 415 0x0000000003159690 code [0x0000000003159800, 0x0000000003159a28]
Event: 19.906 Thread 0x000000001e749800  421       3       java.lang.String::getBytes (14 bytes)
Event: 19.907 Thread 0x000000001e749800 nmethod 421 0x00000000031592d0 code [0x0000000003159440, 0x00000000031595e8]
Event: 19.907 Thread 0x000000001e749800  422   !   3       java.lang.StringCoding::encode (64 bytes)
Event: 19.908 Thread 0x000000001e749800 nmethod 422 0x0000000003163d50 code [0x0000000003163fc0, 0x0000000003164cc8]
Event: 19.917 Thread 0x000000001e6ec000  423 %     4       sun.security.provider.SHA::implCompress @ 12 (491 bytes)

GC Heap History (0 events):
No events

Deoptimization events (1 events):
Event: 6.724 Thread 0x0000000002e62800 Uncommon trap: reason=null_check action=make_not_entrant pc=0x0000000003117114 method=java.lang.String.equals(Ljava/lang/Object;)Z @ 8

Classes redefined (0 events):
No events

Internal exceptions (10 events):
Event: 6.133 Thread 0x0000000002e62800 Exception <a 'java/lang/ClassNotFoundException': org/apache/log4j/PatternLayoutCustomizer> (0x000000076c051848) thrown at [C:\re\workspace\8-2-build-windows-amd64-cygwin\jdk8u221\13320\hotspot\src\share\vm\classfile\systemDictionary.cpp, line 210]
Event: 6.135 Thread 0x0000000002e62800 Exception <a 'java/lang/ClassNotFoundException': org/apache/log4j/RollingFileAppenderBeanInfo> (0x000000076c05a7b8) thrown at [C:\re\workspace\8-2-build-windows-amd64-cygwin\jdk8u221\13320\hotspot\src\share\vm\classfile\systemDictionary.cpp, line 210]
Event: 6.135 Thread 0x0000000002e62800 Exception <a 'java/lang/ClassNotFoundException': org/apache/log4j/FileAppenderBeanInfo> (0x000000076c05ca40) thrown at [C:\re\workspace\8-2-build-windows-amd64-cygwin\jdk8u221\13320\hotspot\src\share\vm\classfile\systemDictionary.cpp, line 210]
Event: 6.135 Thread 0x0000000002e62800 Exception <a 'java/lang/ClassNotFoundException': org/apache/log4j/WriterAppenderBeanInfo> (0x000000076c05ece8) thrown at [C:\re\workspace\8-2-build-windows-amd64-cygwin\jdk8u221\13320\hotspot\src\share\vm\classfile\systemDictionary.cpp, line 210]
Event: 6.136 Thread 0x0000000002e62800 Exception <a 'java/lang/ClassNotFoundException': org/apache/log4j/AppenderSkeletonBeanInfo> (0x000000076c061020) thrown at [C:\re\workspace\8-2-build-windows-amd64-cygwin\jdk8u221\13320\hotspot\src\share\vm\classfile\systemDictionary.cpp, line 210]
Event: 6.136 Thread 0x0000000002e62800 Exception <a 'java/lang/ClassNotFoundException': org/apache/log4j/AppenderSkeletonCustomizer> (0x000000076c063300) thrown at [C:\re\workspace\8-2-build-windows-amd64-cygwin\jdk8u221\13320\hotspot\src\share\vm\classfile\systemDictionary.cpp, line 210]
Event: 6.141 Thread 0x0000000002e62800 Exception <a 'java/lang/ClassNotFoundException': org/apache/log4j/WriterAppenderCustomizer> (0x000000076c077880) thrown at [C:\re\workspace\8-2-build-windows-amd64-cygwin\jdk8u221\13320\hotspot\src\share\vm\classfile\systemDictionary.cpp, line 210]
Event: 6.143 Thread 0x0000000002e62800 Exception <a 'java/lang/ClassNotFoundException': org/apache/log4j/FileAppenderCustomizer> (0x000000076c0861b8) thrown at [C:\re\workspace\8-2-build-windows-amd64-cygwin\jdk8u221\13320\hotspot\src\share\vm\classfile\systemDictionary.cpp, line 210]
Event: 6.144 Thread 0x0000000002e62800 Exception <a 'java/lang/ClassNotFoundException': org/apache/log4j/RollingFileAppenderCustomizer> (0x000000076c094f88) thrown at [C:\re\workspace\8-2-build-windows-amd64-cygwin\jdk8u221\13320\hotspot\src\share\vm\classfile\systemDictionary.cpp, line 210]
Event: 6.724 Thread 0x0000000002e62800 Implicit null exception at 0x0000000003116f26 to 0x0000000003117105

Events (10 events):
Event: 19.874 loading class java/nio/file/attribute/BasicFileAttributes
Event: 19.874 loading class java/nio/file/attribute/BasicFileAttributes done
Event: 19.874 loading class java/nio/file/attribute/DosFileAttributes done
Event: 19.874 loading class sun/nio/fs/WindowsFileAttributes done
Event: 19.874 loading class sun/nio/fs/WindowsDirectoryStream$WindowsDirectoryIterator
Event: 19.874 loading class sun/nio/fs/WindowsDirectoryStream$WindowsDirectoryIterator done
Event: 19.875 loading class sun/nio/fs/WindowsPath$WindowsPathWithAttributes
Event: 19.875 loading class sun/nio/fs/BasicFileAttributesHolder
Event: 19.875 loading class sun/nio/fs/BasicFileAttributesHolder done
Event: 19.875 loading class sun/nio/fs/WindowsPath$WindowsPathWithAttributes done


Dynamic libraries:
0x00007ff608d70000 - 0x00007ff608da7000 	C:\Program Files\Java\jdk1.8.0_221\bin\java.exe
0x00007ff9c0980000 - 0x00007ff9c0b70000 	C:\WINDOWS\SYSTEM32\ntdll.dll
0x00007ff9bfd00000 - 0x00007ff9bfdb2000 	C:\WINDOWS\System32\KERNEL32.DLL
0x00007ff9bd9b0000 - 0x00007ff9bdc55000 	C:\WINDOWS\System32\KERNELBASE.dll
0x00007ff9c0700000 - 0x00007ff9c07a3000 	C:\WINDOWS\System32\ADVAPI32.dll
0x00007ff9bfa10000 - 0x00007ff9bfaae000 	C:\WINDOWS\System32\msvcrt.dll
0x00007ff9c0290000 - 0x00007ff9c0327000 	C:\WINDOWS\System32\sechost.dll
0x00007ff9bf730000 - 0x00007ff9bf850000 	C:\WINDOWS\System32\RPCRT4.dll
0x00007ff9bfb60000 - 0x00007ff9bfcf5000 	C:\WINDOWS\System32\USER32.dll
0x00007ff9be860000 - 0x00007ff9be881000 	C:\WINDOWS\System32\win32u.dll
0x00007ff9c0260000 - 0x00007ff9c0286000 	C:\WINDOWS\System32\GDI32.dll
0x00007ff9be890000 - 0x00007ff9bea26000 	C:\WINDOWS\System32\gdi32full.dll
0x00007ff9bd910000 - 0x00007ff9bd9ae000 	C:\WINDOWS\System32\msvcp_win.dll
0x00007ff9be4b0000 - 0x00007ff9be5aa000 	C:\WINDOWS\System32\ucrtbase.dll
0x00007ff9a24f0000 - 0x00007ff9a2774000 	C:\WINDOWS\WinSxS\amd64_microsoft.windows.common-controls_6595b64144ccf1df_6.0.18362.1082_none_9e8193e1e45b25c1\COMCTL32.dll
0x00007ff9bfdc0000 - 0x00007ff9c00f5000 	C:\WINDOWS\System32\combase.dll
0x00007ff9be3e0000 - 0x00007ff9be460000 	C:\WINDOWS\System32\bcryptPrimitives.dll
0x00007ff9bef70000 - 0x00007ff9bef9e000 	C:\WINDOWS\System32\IMM32.DLL
0x0000000075940000 - 0x0000000075a12000 	C:\Program Files\Java\jdk1.8.0_221\jre\bin\msvcr100.dll
0x0000000075090000 - 0x0000000075935000 	C:\Program Files\Java\jdk1.8.0_221\jre\bin\server\jvm.dll
0x00007ff9bf720000 - 0x00007ff9bf728000 	C:\WINDOWS\System32\PSAPI.DLL
0x00007ff998380000 - 0x00007ff998389000 	C:\WINDOWS\SYSTEM32\WSOCK32.dll
0x00007ff9c08d0000 - 0x00007ff9c093f000 	C:\WINDOWS\System32\WS2_32.dll
0x00007ff9b4950000 - 0x00007ff9b4974000 	C:\WINDOWS\SYSTEM32\WINMM.dll
0x00007ff9b4920000 - 0x00007ff9b494d000 	C:\WINDOWS\SYSTEM32\WINMMBASE.dll
0x00007ff9b2cd0000 - 0x00007ff9b2cda000 	C:\WINDOWS\SYSTEM32\VERSION.dll
0x00007ff9be5b0000 - 0x00007ff9be5fa000 	C:\WINDOWS\System32\cfgmgr32.dll
0x00007ff9b5b30000 - 0x00007ff9b5b3f000 	C:\Program Files\Java\jdk1.8.0_221\jre\bin\verify.dll
0x00007ff997d40000 - 0x00007ff997d69000 	C:\Program Files\Java\jdk1.8.0_221\jre\bin\java.dll
0x00007ff99e0e0000 - 0x00007ff99e0f6000 	C:\Program Files\Java\jdk1.8.0_221\jre\bin\zip.dll
0x00007ff9befa0000 - 0x00007ff9bf687000 	C:\WINDOWS\System32\SHELL32.dll
0x00007ff9bfab0000 - 0x00007ff9bfb59000 	C:\WINDOWS\System32\shcore.dll
0x00007ff9bdc60000 - 0x00007ff9be3e0000 	C:\WINDOWS\System32\windows.storage.dll
0x00007ff9bd8e0000 - 0x00007ff9bd903000 	C:\WINDOWS\System32\profapi.dll
0x00007ff9bd870000 - 0x00007ff9bd8ba000 	C:\WINDOWS\System32\powrprof.dll
0x00007ff9bd840000 - 0x00007ff9bd850000 	C:\WINDOWS\System32\UMPDC.dll
0x00007ff9bea30000 - 0x00007ff9bea82000 	C:\WINDOWS\System32\shlwapi.dll
0x00007ff9bd850000 - 0x00007ff9bd861000 	C:\WINDOWS\System32\kernel.appcore.dll
0x00007ff9be460000 - 0x00007ff9be477000 	C:\WINDOWS\System32\cryptsp.dll
0x00007ff99ac10000 - 0x00007ff99ac2a000 	C:\Program Files\Java\jdk1.8.0_221\jre\bin\net.dll
0x00007ff9a2ba0000 - 0x00007ff9a2d76000 	C:\WINDOWS\SYSTEM32\urlmon.dll
0x00007ff9a4d40000 - 0x00007ff9a4fe6000 	C:\WINDOWS\SYSTEM32\iertutil.dll
0x00007ff9bd260000 - 0x00007ff9bd26c000 	C:\WINDOWS\SYSTEM32\CRYPTBASE.DLL
0x00007ff9bd090000 - 0x00007ff9bd0f7000 	C:\WINDOWS\system32\mswsock.dll
0x00007ff9978a0000 - 0x00007ff9978b2000 	C:\Program Files\Java\jdk1.8.0_221\jre\bin\nio.dll
0x00007ff9bcc00000 - 0x00007ff9bcc33000 	C:\WINDOWS\system32\rsaenh.dll
0x00007ff9be480000 - 0x00007ff9be4a6000 	C:\WINDOWS\System32\bcrypt.dll
0x00007ff9bd760000 - 0x00007ff9bd785000 	C:\WINDOWS\SYSTEM32\USERENV.dll
0x00007ff9bcda0000 - 0x00007ff9bcdda000 	C:\WINDOWS\SYSTEM32\IPHLPAPI.DLL
0x00007ff9c07b0000 - 0x00007ff9c07b8000 	C:\WINDOWS\System32\NSI.dll
0x00007ff9b7e70000 - 0x00007ff9b7e86000 	C:\WINDOWS\SYSTEM32\dhcpcsvc6.DLL
0x00007ff9b7e50000 - 0x00007ff9b7e6c000 	C:\WINDOWS\SYSTEM32\dhcpcsvc.DLL
0x00007ff9bcdf0000 - 0x00007ff9bcebb000 	C:\WINDOWS\SYSTEM32\DNSAPI.dll

VM Arguments:
java_command: E:\MapRedCloud2\CloudComp2\out\artifacts\WordReducerProject_jar\WordReducerProject.jar R_3 6
java_class_path (initial): E:\MapRedCloud2\CloudComp2\out\artifacts\WordReducerProject_jar\WordReducerProject.jar
Launcher Type: SUN_STANDARD

Environment Variables:
JAVA_HOME=C:\Program Files\Java\jdk1.8.0_221
PATH=C:\Program Files (x86)\Common Files\Oracle\Java\javapath;C:\windows\system32;C:\windows;C:\windows\System32\Wbem;C:\windows\System32\WindowsPowerShell\v1.0\;C:\windows\System32\OpenSSH\;C:\Program Files (x86)\Intel\Intel(R) Management Engine Components\DAL;C:\Program Files\Intel\Intel(R) Management Engine Components\DAL;C:\Program Files (x86)\NVIDIA Corporation\PhysX\Common;C:\Program Files\NVIDIA Corporation\NVIDIA NvDLISR;C:\Program Files\Intel\WiFi\bin\;C:\Program Files\Common Files\Intel\WirelessCommon\;C:\WINDOWS\system32;C:\WINDOWS;C:\WINDOWS\System32\Wbem;C:\WINDOWS\System32\WindowsPowerShell\v1.0\;C:\WINDOWS\System32\OpenSSH\;C:\Program Files\PuTTY\;C:\Program Files\nodejs\;C:\Program Files\Git\cmd;C:\Program Files\Amazon\AWSCLI\bin\;C:\Program Files\Common Files\Tom Sawyer Software\10.0.0;C:\Users\jejur\anacondanew;C:\Users\jejur\anacondanew\Library\mingw-w64\bin;C:\Users\jejur\anacondanew\Library\usr\bin;C:\Users\jejur\anacondanew\Library\bin;C:\Users\jejur\anacondanew\Scripts;C:\Users\jejur\AppData\Local\Microsoft\WindowsApps;C:\Users\jejur\AppData\Roaming\npm;C:\Users\jejur\AppData\Local\GitHubDesktop\bin;C:\Users\jejur\AppData\Local\Programs\Microsoft VS Code\bin;E:\ZooKeeper\zookeeper-3.4.14\bin;C:\Program Files\Java\jdk1.8.0_221\bin;C:\Users\jejur\AppData\Local\Box\Box Edit\;E:\apache-maven-3.6.3\bin;
USERNAME=jejur
OS=Windows_NT
PROCESSOR_IDENTIFIER=Intel64 Family 6 Model 142 Stepping 11, GenuineIntel



---------------  S Y S T E M  ---------------

OS: Windows 10.0 , 64 bit Build 18362 (10.0.18362.1082)

CPU:total 8 (initial active 8) (4 cores per cpu, 2 threads per core) family 6 model 142 stepping 11, cmov, cx8, fxsr, mmx, sse, sse2, sse3, ssse3, sse4.1, sse4.2, popcnt, avx, avx2, aes, clmul, erms, 3dnowpref, lzcnt, ht, tsc, tscinvbit, bmi1, bmi2, adx

Memory: 4k page, physical 16594356k(4943708k free), swap 39111984k(5148k free)

vm_info: Java HotSpot(TM) 64-Bit Server VM (25.221-b11) for windows-amd64 JRE (1.8.0_221-b11), built on Jul  4 2019 04:39:29 by "java_re" with MS VC++ 10.0 (VS2010)

time: Sun Oct 11 14:27:34 2020
timezone: US Eastern Daylight Time
elapsed time: 19 seconds (0d 0h 0m 19s)

