#
# There is insufficient memory for the Java Runtime Environment to continue.
# Native memory allocation (malloc) failed to allocate 32744 bytes for ChunkPool::allocate
# Possible reasons:
#   The system is out of physical RAM or swap space
#   The process is running with CompressedOops enabled, and the Java Heap may be blocking the growth of the native heap
# Possible solutions:
#   Reduce memory load on the system
#   Increase physical memory or swap space
#   Check if swap backing store is full
#   Decrease Java heap size (-Xmx/-Xms)
#   Decrease number of Java threads
#   Decrease Java thread stack sizes (-Xss)
#   Set larger code cache with -XX:ReservedCodeCacheSize=
#   JVM is running with Zero Based Compressed Oops mode in which the Java heap is
#     placed in the first 32GB address space. The Java Heap base address is the
#     maximum limit for the native heap growth. Please use -XX:HeapBaseMinAddress
#     to set the Java Heap base and to place the Java Heap above 32GB virtual address.
# This output file may be truncated or incomplete.
#
#  Out of Memory Error (allocation.cpp:272), pid=4116, tid=0x0000000000004e64
#
# JRE version: Java(TM) SE Runtime Environment (8.0_221-b11) (build 1.8.0_221-b11)
# Java VM: Java HotSpot(TM) 64-Bit Server VM (25.221-b11 mixed mode windows-amd64 compressed oops)
# Failed to write core dump. Minidumps are not enabled by default on client versions of Windows
#

---------------  T H R E A D  ---------------

Current thread (0x000000001ebed000):  JavaThread "C1 CompilerThread3" daemon [_thread_in_native, id=20068, stack(0x000000001f740000,0x000000001f840000)]

Stack: [0x000000001f740000,0x000000001f840000]
[error occurred during error reporting (printing stack bounds), id 0xc0000005]

Native frames: (J=compiled Java code, j=interpreted, Vv=VM code, C=native code)


Current CompileTask:
C1:  15882  986   !   3       java.nio.charset.CharsetEncoder::encode (285 bytes)


---------------  P R O C E S S  ---------------

Java Threads: ( => current thread )
  0x0000000021d96800 JavaThread "Thread-84" daemon [_thread_blocked, id=7992, stack(0x000000002a680000,0x000000002a780000)]
  0x0000000021d92800 JavaThread "Thread-83" daemon [_thread_blocked, id=8656, stack(0x000000002a580000,0x000000002a680000)]
  0x0000000021d93800 JavaThread "Thread-82" daemon [_thread_in_native, id=21840, stack(0x000000002a480000,0x000000002a580000)]
  0x0000000021d95000 JavaThread "Thread-81" daemon [_thread_in_native, id=7368, stack(0x000000002a380000,0x000000002a480000)]
  0x0000000021d98000 JavaThread "Thread-80" daemon [_thread_in_native, id=11084, stack(0x000000002a280000,0x000000002a380000)]
  0x0000000021d97800 JavaThread "Thread-79" daemon [_thread_in_native, id=3332, stack(0x000000002a180000,0x000000002a280000)]
  0x0000000021d99800 JavaThread "Thread-78" daemon [_thread_blocked, id=10556, stack(0x000000002a080000,0x000000002a180000)]
  0x0000000021d92000 JavaThread "Thread-77" daemon [_thread_blocked, id=21900, stack(0x0000000029f80000,0x000000002a080000)]
  0x0000000021d24800 JavaThread "Thread-76" daemon [_thread_blocked, id=6484, stack(0x0000000029e80000,0x0000000029f80000)]
  0x0000000021d23000 JavaThread "Thread-75" daemon [_thread_in_native, id=20632, stack(0x0000000029d80000,0x0000000029e80000)]
  0x0000000021d1e800 JavaThread "Thread-74" daemon [_thread_in_native, id=11380, stack(0x0000000029c80000,0x0000000029d80000)]
  0x0000000021d22800 JavaThread "Thread-73" daemon [_thread_blocked, id=16376, stack(0x0000000029b80000,0x0000000029c80000)]
  0x0000000021d24000 JavaThread "Thread-72" daemon [_thread_blocked, id=13244, stack(0x0000000029a80000,0x0000000029b80000)]
  0x0000000021d20000 JavaThread "Thread-71" daemon [_thread_blocked, id=20312, stack(0x0000000029980000,0x0000000029a80000)]
  0x0000000021d1f800 JavaThread "Thread-70" daemon [_thread_blocked, id=11272, stack(0x0000000029880000,0x0000000029980000)]
  0x0000000021d21000 JavaThread "Thread-69" daemon [_thread_in_native, id=13080, stack(0x0000000029780000,0x0000000029880000)]
  0x0000000021d21800 JavaThread "Thread-68" daemon [_thread_blocked, id=15688, stack(0x0000000029680000,0x0000000029780000)]
  0x0000000021d17000 JavaThread "Thread-67" daemon [_thread_in_native, id=20184, stack(0x0000000029580000,0x0000000029680000)]
  0x0000000021d1a000 JavaThread "Thread-66" daemon [_thread_blocked, id=3272, stack(0x0000000029480000,0x0000000029580000)]
  0x0000000021d1e000 JavaThread "Thread-65" daemon [_thread_blocked, id=17532, stack(0x0000000029380000,0x0000000029480000)]
  0x0000000021d1d000 JavaThread "Thread-64" daemon [_thread_in_native, id=15888, stack(0x0000000029280000,0x0000000029380000)]
  0x0000000021d18000 JavaThread "Thread-63" daemon [_thread_in_native, id=13496, stack(0x0000000029180000,0x0000000029280000)]
  0x0000000021d1b800 JavaThread "Thread-62" daemon [_thread_blocked, id=12316, stack(0x0000000029080000,0x0000000029180000)]
  0x0000000021d18800 JavaThread "Thread-61" daemon [_thread_in_native, id=16500, stack(0x0000000028f80000,0x0000000029080000)]
  0x0000000021d16800 JavaThread "Thread-59" daemon [_thread_blocked, id=15536, stack(0x0000000028d80000,0x0000000028e80000)]
  0x0000000021d1c800 JavaThread "Thread-58" daemon [_thread_in_native, id=12360, stack(0x0000000028c80000,0x0000000028d80000)]
  0x0000000021d1b000 JavaThread "Thread-57" daemon [_thread_in_native, id=17632, stack(0x0000000028b80000,0x0000000028c80000)]
  0x0000000021d19800 JavaThread "Thread-56" daemon [_thread_blocked, id=19812, stack(0x0000000028a80000,0x0000000028b80000)]
  0x0000000021fe5800 JavaThread "Thread-55" daemon [_thread_in_native, id=20412, stack(0x0000000028980000,0x0000000028a80000)]
  0x0000000021fe5000 JavaThread "Thread-54" daemon [_thread_blocked, id=18916, stack(0x0000000028880000,0x0000000028980000)]
  0x0000000021fe4000 JavaThread "Thread-53" daemon [_thread_blocked, id=21272, stack(0x0000000028780000,0x0000000028880000)]
  0x0000000021fe9800 JavaThread "Thread-52" daemon [_thread_in_native, id=20036, stack(0x0000000028680000,0x0000000028780000)]
  0x0000000021fe3000 JavaThread "Thread-51" daemon [_thread_in_native, id=22056, stack(0x0000000028580000,0x0000000028680000)]
  0x0000000021fe8800 JavaThread "Thread-50" daemon [_thread_blocked, id=9924, stack(0x0000000028480000,0x0000000028580000)]
  0x0000000021fe8000 JavaThread "Thread-49" daemon [_thread_blocked, id=10688, stack(0x0000000028380000,0x0000000028480000)]
  0x0000000021fe7000 JavaThread "Thread-48" daemon [_thread_blocked, id=12444, stack(0x0000000028280000,0x0000000028380000)]
  0x0000000021fe6800 JavaThread "Thread-47" daemon [_thread_in_native, id=3088, stack(0x0000000028180000,0x0000000028280000)]
  0x0000000021fea000 JavaThread "Thread-46" daemon [_thread_in_native, id=20116, stack(0x0000000028080000,0x0000000028180000)]
  0x0000000021fe2800 JavaThread "Thread-45" daemon [_thread_blocked, id=10012, stack(0x0000000027f80000,0x0000000028080000)]
  0x0000000021fdb800 JavaThread "Thread-44" daemon [_thread_in_native, id=20536, stack(0x0000000027e80000,0x0000000027f80000)]
  0x0000000021fdb000 JavaThread "Thread-43" daemon [_thread_in_native, id=12792, stack(0x0000000027d80000,0x0000000027e80000)]
  0x0000000021fde800 JavaThread "Thread-42" daemon [_thread_in_native, id=12504, stack(0x0000000027c80000,0x0000000027d80000)]
  0x0000000021fdd000 JavaThread "Thread-41" daemon [_thread_in_native, id=11540, stack(0x0000000027b80000,0x0000000027c80000)]
  0x0000000021fde000 JavaThread "Thread-40" daemon [_thread_in_native, id=21860, stack(0x0000000027a80000,0x0000000027b80000)]
  0x0000000021fe1800 JavaThread "Thread-39" daemon [_thread_in_native, id=18800, stack(0x0000000027980000,0x0000000027a80000)]
  0x0000000021fe1000 JavaThread "Thread-38" daemon [_thread_in_native, id=21292, stack(0x0000000027880000,0x0000000027980000)]
  0x0000000021fe0000 JavaThread "Thread-37" daemon [_thread_in_native, id=8068, stack(0x0000000027780000,0x0000000027880000)]
  0x0000000021fdf800 JavaThread "Thread-36" daemon [_thread_in_native, id=11292, stack(0x0000000027680000,0x0000000027780000)]
  0x0000000021fdc800 JavaThread "Thread-35" daemon [_thread_in_native, id=15224, stack(0x0000000027580000,0x0000000027680000)]
  0x0000000021f94800 JavaThread "Thread-34" daemon [_thread_in_native, id=21288, stack(0x0000000027480000,0x0000000027580000)]
  0x0000000021f94000 JavaThread "Thread-33" daemon [_thread_in_native, id=21556, stack(0x0000000027380000,0x0000000027480000)]
  0x0000000021f97000 JavaThread "Thread-32" daemon [_thread_blocked, id=22316, stack(0x0000000027280000,0x0000000027380000)]
  0x0000000021f93000 JavaThread "Thread-31" daemon [_thread_blocked, id=712, stack(0x0000000027180000,0x0000000027280000)]
  0x0000000021f95800 JavaThread "Thread-30" daemon [_thread_in_native, id=6544, stack(0x0000000027080000,0x0000000027180000)]
  0x0000000021f92800 JavaThread "Thread-29" daemon [_thread_in_native, id=6636, stack(0x0000000026f80000,0x0000000027080000)]
  0x0000000021f99000 JavaThread "Thread-28" daemon [_thread_in_native, id=20528, stack(0x0000000026e80000,0x0000000026f80000)]
  0x0000000021f96000 JavaThread "Thread-27" daemon [_thread_in_native, id=3556, stack(0x0000000026d80000,0x0000000026e80000)]
  0x0000000021f91800 JavaThread "Thread-26" daemon [_thread_in_native, id=19672, stack(0x0000000026c80000,0x0000000026d80000)]
  0x0000000021f98800 JavaThread "Thread-25" daemon [_thread_in_native, id=19828, stack(0x0000000026b80000,0x0000000026c80000)]
  0x0000000021f97800 JavaThread "Thread-24" daemon [_thread_in_native, id=8532, stack(0x0000000026a80000,0x0000000026b80000)]
  0x0000000021f8a000 JavaThread "Thread-23" daemon [_thread_in_native, id=4948, stack(0x0000000026980000,0x0000000026a80000)]
  0x0000000021f90000 JavaThread "Thread-22" daemon [_thread_in_native, id=21032, stack(0x0000000026880000,0x0000000026980000)]
  0x0000000021f8f800 JavaThread "Thread-21" daemon [_thread_in_native, id=21448, stack(0x0000000026780000,0x0000000026880000)]
  0x0000000021f8e000 JavaThread "Thread-20" daemon [_thread_in_native, id=2100, stack(0x0000000026680000,0x0000000026780000)]
  0x0000000021f91000 JavaThread "Thread-19" daemon [_thread_in_native, id=22036, stack(0x0000000026580000,0x0000000026680000)]
  0x0000000021f8d000 JavaThread "Thread-18" daemon [_thread_in_native, id=12648, stack(0x0000000026480000,0x0000000026580000)]
  0x0000000021f8b000 JavaThread "Thread-17" daemon [_thread_blocked, id=21852, stack(0x0000000026380000,0x0000000026480000)]
  0x0000000021f8e800 JavaThread "Thread-16" daemon [_thread_blocked, id=2068, stack(0x0000000026280000,0x0000000026380000)]
  0x0000000021f8b800 JavaThread "Thread-15" daemon [_thread_in_native, id=21600, stack(0x0000000026180000,0x0000000026280000)]
  0x0000000021f8c800 JavaThread "Thread-14" daemon [_thread_in_native, id=8680, stack(0x0000000026080000,0x0000000026180000)]
  0x0000000021d54800 JavaThread "Thread-13" daemon [_thread_in_native, id=19804, stack(0x0000000025f80000,0x0000000026080000)]
  0x0000000021d53800 JavaThread "Thread-12" daemon [_thread_in_native, id=22372, stack(0x0000000025e80000,0x0000000025f80000)]
  0x0000000021d53000 JavaThread "Thread-11" daemon [_thread_in_native, id=19384, stack(0x0000000025d80000,0x0000000025e80000)]
  0x0000000021d50000 JavaThread "Thread-10" daemon [_thread_blocked, id=9032, stack(0x0000000025c80000,0x0000000025d80000)]
  0x0000000021d52000 JavaThread "Thread-8" daemon [_thread_in_native, id=19760, stack(0x0000000025a80000,0x0000000025b80000)]
  0x0000000021d51800 JavaThread "Thread-7" daemon [_thread_in_native, id=504, stack(0x0000000025980000,0x0000000025a80000)]
  0x0000000021d50800 JavaThread "Thread-6" daemon [_thread_in_native, id=19896, stack(0x0000000025880000,0x0000000025980000)]
  0x0000000021d4f000 JavaThread "Thread-5" daemon [_thread_in_native, id=8304, stack(0x0000000025780000,0x0000000025880000)]
  0x0000000021d4d800 JavaThread "Thread-4" daemon [_thread_in_native, id=2916, stack(0x0000000025680000,0x0000000025780000)]
  0x0000000021d82800 JavaThread "Thread-3" daemon [_thread_in_native, id=2972, stack(0x0000000025580000,0x0000000025680000)]
  0x0000000021d82000 JavaThread "Thread-2" daemon [_thread_in_native, id=16212, stack(0x0000000025480000,0x0000000025580000)]
  0x0000000021d81000 JavaThread "Thread-1" daemon [_thread_blocked, id=20492, stack(0x0000000025380000,0x0000000025480000)]
  0x0000000021cf6000 JavaThread "grpc-default-worker-ELG-3-3" daemon [_thread_in_native, id=1676, stack(0x0000000023060000,0x0000000023160000)]
  0x0000000021cd0000 JavaThread "grpc-default-executor-1" daemon [_thread_blocked, id=3532, stack(0x0000000022f60000,0x0000000023060000)]
  0x00000000201f6000 JavaThread "grpc-default-worker-ELG-3-2" daemon [_thread_in_native, id=10816, stack(0x0000000022e60000,0x0000000022f60000)]
  0x00000000201d9000 JavaThread "grpc-default-executor-0" daemon [_thread_blocked, id=21972, stack(0x0000000021b90000,0x0000000021c90000)]
  0x0000000020167800 JavaThread "grpc-default-worker-ELG-3-1" daemon [_thread_in_native, id=1016, stack(0x0000000020880000,0x0000000020980000)]
  0x000000002012e000 JavaThread "grpc-default-boss-ELG-1-1" daemon [_thread_in_native, id=4944, stack(0x0000000020780000,0x0000000020880000)]
  0x000000001ecb8800 JavaThread "Service Thread" daemon [_thread_blocked, id=21892, stack(0x000000001f840000,0x000000001f940000)]
=>0x000000001ebed000 JavaThread "C1 CompilerThread3" daemon [_thread_in_native, id=20068, stack(0x000000001f740000,0x000000001f840000)]
  0x000000001ebcb800 JavaThread "C2 CompilerThread2" daemon [_thread_blocked, id=14820, stack(0x000000001f640000,0x000000001f740000)]
  0x000000001ebe7800 JavaThread "C2 CompilerThread1" daemon [_thread_blocked, id=6240, stack(0x000000001f540000,0x000000001f640000)]
  0x000000001ebe6800 JavaThread "C2 CompilerThread0" daemon [_thread_blocked, id=22504, stack(0x000000001f440000,0x000000001f540000)]
  0x000000001ebe1000 JavaThread "Monitor Ctrl-Break" daemon [_thread_in_native, id=16324, stack(0x000000001f340000,0x000000001f440000)]
  0x000000001ea74000 JavaThread "Attach Listener" daemon [_thread_blocked, id=5060, stack(0x000000001f240000,0x000000001f340000)]
  0x000000001ea73000 JavaThread "Signal Dispatcher" daemon [_thread_blocked, id=22028, stack(0x000000001f140000,0x000000001f240000)]
  0x000000001ea61000 JavaThread "Finalizer" daemon [_thread_blocked, id=3552, stack(0x000000001ef40000,0x000000001f040000)]
  0x000000001ea60800 JavaThread "Reference Handler" daemon [_thread_blocked, id=21308, stack(0x000000001ee40000,0x000000001ef40000)]
  0x00000000031a4000 JavaThread "main" [_thread_blocked, id=9356, stack(0x0000000002f60000,0x0000000003060000)]

Other Threads:
  0x000000001cc69800 VMThread [stack: 0x000000001e940000,0x000000001ea40000] [id=2316]
  0x000000001ed26000 WatcherThread [stack: 0x000000001f940000,0x000000001fa40000] [id=20728]

VM state:not at safepoint (normal execution)

VM Mutex/Monitor currently owned by a thread: None

heap address: 0x00000006c2c00000, size: 4052 MB, Compressed Oops mode: Zero based, Oop shift amount: 3
Narrow klass base: 0x0000000000000000, Narrow klass shift: 3
Compressed class space size: 1073741824 Address: 0x00000007c0000000

Heap:
 PSYoungGen      total 75776K, used 31006K [0x000000076b980000, 0x0000000770e00000, 0x00000007c0000000)
  eden space 65024K, 31% used [0x000000076b980000,0x000000076cd4c4c8,0x000000076f900000)
  from space 10752K, 99% used [0x000000076f900000,0x000000077037b428,0x0000000770380000)
  to   space 10752K, 0% used [0x0000000770380000,0x0000000770380000,0x0000000770e00000)
 ParOldGen       total 173568K, used 327K [0x00000006c2c00000, 0x00000006cd580000, 0x000000076b980000)
  object space 173568K, 0% used [0x00000006c2c00000,0x00000006c2c51d88,0x00000006cd580000)
 Metaspace       used 15638K, capacity 15822K, committed 16000K, reserved 1062912K
  class space    used 2008K, capacity 2060K, committed 2176K, reserved 1048576K

Card table byte_map: [0x0000000012660000,0x0000000012e50000] byte_map_base: 0x000000000f04a000

Marking Bits: (ParMarkBitMap*) 0x00000000758b5ce0
 Begin Bits: [0x0000000013ba0000, 0x0000000017af0000)
 End Bits:   [0x0000000017af0000, 0x000000001ba40000)

Polling page: 0x0000000001720000

CodeCache: size=245760Kb used=3452Kb max_used=3452Kb free=242307Kb
 bounds [0x00000000032a0000, 0x0000000003610000, 0x00000000122a0000]
 total_blobs=1394 nmethods=985 adapters=322
 compilation: enabled

Compilation events (10 events):
Event: 8.256 Thread 0x000000001ebed000 nmethod 980 0x00000000035fb3d0 code [0x00000000035fb560, 0x00000000035fb908]
Event: 8.256 Thread 0x000000001ebed000  981       3       io.grpc.netty.shaded.io.netty.util.internal.shaded.org.jctools.queues.BaseMpscLinkedArrayQueue::poll (108 bytes)
Event: 8.257 Thread 0x000000001ebed000 nmethod 981 0x00000000035fba10 code [0x00000000035fbc00, 0x00000000035fc648]
Event: 10.464 Thread 0x000000001ebed000  982       3       sun.nio.cs.StreamEncoder::implWrite (156 bytes)
Event: 10.467 Thread 0x000000001ebed000 nmethod 982 0x00000000035fce90 code [0x00000000035fd100, 0x00000000035fdfc8]
Event: 10.467 Thread 0x000000001ebed000  983       3       sun.nio.cs.StreamEncoder::implFlushBuffer (15 bytes)
Event: 10.467 Thread 0x000000001ebed000 nmethod 983 0x00000000035fe850 code [0x00000000035fe9c0, 0x00000000035fec28]
Event: 10.467 Thread 0x000000001ebed000  984       3       sun.nio.cs.StreamEncoder::writeBytes (132 bytes)
Event: 10.469 Thread 0x000000001ebed000 nmethod 984 0x00000000035fecd0 code [0x00000000035feee0, 0x00000000035ffbd8]
Event: 10.469 Thread 0x000000001ebed000  986   !   3       java.nio.charset.CharsetEncoder::encode (285 bytes)

GC Heap History (2 events):
Event: 3.089 GC heap before
{Heap before GC invocations=1 (full 0):
 PSYoungGen      total 75776K, used 65024K [0x000000076b980000, 0x0000000770e00000, 0x00000007c0000000)
  eden space 65024K, 100% used [0x000000076b980000,0x000000076f900000,0x000000076f900000)
  from space 10752K, 0% used [0x0000000770380000,0x0000000770380000,0x0000000770e00000)
  to   space 10752K, 0% used [0x000000076f900000,0x000000076f900000,0x0000000770380000)
 ParOldGen       total 173568K, used 0K [0x00000006c2c00000, 0x00000006cd580000, 0x000000076b980000)
  object space 173568K, 0% used [0x00000006c2c00000,0x00000006c2c00000,0x00000006cd580000)
 Metaspace       used 15324K, capacity 15480K, committed 15744K, reserved 1062912K
  class space    used 1977K, capacity 2055K, committed 2176K, reserved 1048576K
Event: 3.100 GC heap after
Heap after GC invocations=1 (full 0):
 PSYoungGen      total 75776K, used 10733K [0x000000076b980000, 0x0000000770e00000, 0x00000007c0000000)
  eden space 65024K, 0% used [0x000000076b980000,0x000000076b980000,0x000000076f900000)
  from space 10752K, 99% used [0x000000076f900000,0x000000077037b428,0x0000000770380000)
  to   space 10752K, 0% used [0x0000000770380000,0x0000000770380000,0x0000000770e00000)
 ParOldGen       total 173568K, used 327K [0x00000006c2c00000, 0x00000006cd580000, 0x000000076b980000)
  object space 173568K, 0% used [0x00000006c2c00000,0x00000006c2c51d88,0x00000006cd580000)
 Metaspace       used 15324K, capacity 15480K, committed 15744K, reserved 1062912K
  class space    used 1977K, capacity 2055K, committed 2176K, reserved 1048576K
}

Deoptimization events (5 events):
Event: 0.196 Thread 0x00000000031a4000 Uncommon trap: reason=unstable_if action=reinterpret pc=0x00000000033f45d8 method=java.lang.String.startsWith(Ljava/lang/String;I)Z @ 25
Event: 0.456 Thread 0x00000000031a4000 Uncommon trap: reason=unstable_if action=reinterpret pc=0x000000000348e0d0 method=java.lang.AbstractStringBuilder.append(Ljava/lang/String;)Ljava/lang/AbstractStringBuilder; @ 1
Event: 0.549 Thread 0x00000000031a4000 Uncommon trap: reason=null_check action=make_not_entrant pc=0x00000000034b0714 method=java.lang.String.equals(Ljava/lang/Object;)Z @ 8
Event: 2.899 Thread 0x00000000201d9000 Uncommon trap: reason=unstable_if action=reinterpret pc=0x0000000003453894 method=sun.misc.MetaIndex.mayContain(Ljava/lang/String;)Z @ 38
Event: 2.900 Thread 0x00000000201d9000 Uncommon trap: reason=unstable_if action=reinterpret pc=0x0000000003446ab0 method=sun.misc.MetaIndex.mayContain(Ljava/lang/String;)Z @ 38

Classes redefined (0 events):
No events

Internal exceptions (10 events):
Event: 0.095 Thread 0x00000000031a4000 Exception <a 'java/security/PrivilegedActionException'> (0x000000076ba65138) thrown at [C:\re\workspace\8-2-build-windows-amd64-cygwin\jdk8u221\13320\hotspot\src\share\vm\prims\jvm.cpp, line 1502]
Event: 0.095 Thread 0x00000000031a4000 Exception <a 'java/security/PrivilegedActionException'> (0x000000076ba65348) thrown at [C:\re\workspace\8-2-build-windows-amd64-cygwin\jdk8u221\13320\hotspot\src\share\vm\prims\jvm.cpp, line 1502]
Event: 0.137 Thread 0x00000000031a4000 Exception <a 'java/security/PrivilegedActionException'> (0x000000076bc67d30) thrown at [C:\re\workspace\8-2-build-windows-amd64-cygwin\jdk8u221\13320\hotspot\src\share\vm\prims\jvm.cpp, line 1502]
Event: 0.137 Thread 0x00000000031a4000 Exception <a 'java/security/PrivilegedActionException'> (0x000000076bc67f40) thrown at [C:\re\workspace\8-2-build-windows-amd64-cygwin\jdk8u221\13320\hotspot\src\share\vm\prims\jvm.cpp, line 1502]
Event: 0.138 Thread 0x00000000031a4000 Exception <a 'java/security/PrivilegedActionException'> (0x000000076bc6be50) thrown at [C:\re\workspace\8-2-build-windows-amd64-cygwin\jdk8u221\13320\hotspot\src\share\vm\prims\jvm.cpp, line 1502]
Event: 0.138 Thread 0x00000000031a4000 Exception <a 'java/security/PrivilegedActionException'> (0x000000076bc6c060) thrown at [C:\re\workspace\8-2-build-windows-amd64-cygwin\jdk8u221\13320\hotspot\src\share\vm\prims\jvm.cpp, line 1502]
Event: 0.456 Thread 0x00000000031a4000 Implicit null exception at 0x000000000348dd16 to 0x000000000348e0b9
Event: 0.549 Thread 0x00000000031a4000 Implicit null exception at 0x00000000034b0526 to 0x00000000034b0705
Event: 0.935 Thread 0x00000000031a4000 Exception <a 'java/lang/NoSuchFieldError': method resolution failed> (0x000000076d08bb48) thrown at [C:\re\workspace\8-2-build-windows-amd64-cygwin\jdk8u221\13320\hotspot\src\share\vm\prims\methodHandles.cpp, line 1167]
Event: 0.936 Thread 0x00000000031a4000 Exception <a 'java/lang/NoSuchFieldError': method resolution failed> (0x000000076d099ad8) thrown at [C:\re\workspace\8-2-build-windows-amd64-cygwin\jdk8u221\13320\hotspot\src\share\vm\prims\methodHandles.cpp, line 1167]

Events (10 events):
Event: 3.266 Thread 0x0000000021d92000 Thread added: 0x0000000021d92000
Event: 3.266 Thread 0x0000000021d99800 Thread added: 0x0000000021d99800
Event: 3.267 Thread 0x0000000021d97800 Thread added: 0x0000000021d97800
Event: 3.267 Thread 0x0000000021d98000 Thread added: 0x0000000021d98000
Event: 3.267 Thread 0x0000000021d95000 Thread added: 0x0000000021d95000
Event: 3.267 Thread 0x0000000021d93800 Thread added: 0x0000000021d93800
Event: 3.267 Thread 0x0000000021d92800 Thread added: 0x0000000021d92800
Event: 3.267 Thread 0x0000000021d96800 Thread added: 0x0000000021d96800
Event: 4.176 Executing VM operation: EnableBiasedLocking
Event: 4.176 Executing VM operation: EnableBiasedLocking done


Dynamic libraries:
0x00007ff608d70000 - 0x00007ff608da7000 	C:\Program Files\Java\jdk1.8.0_221\bin\java.exe
0x00007ff9c0980000 - 0x00007ff9c0b70000 	C:\WINDOWS\SYSTEM32\ntdll.dll
0x00007ff9bfd00000 - 0x00007ff9bfdb2000 	C:\WINDOWS\System32\KERNEL32.DLL
0x00007ff9bd9b0000 - 0x00007ff9bdc55000 	C:\WINDOWS\System32\KERNELBASE.dll
0x00007ff9c0700000 - 0x00007ff9c07a3000 	C:\WINDOWS\System32\ADVAPI32.dll
0x00007ff9bfa10000 - 0x00007ff9bfaae000 	C:\WINDOWS\System32\msvcrt.dll
0x00007ff9c0290000 - 0x00007ff9c0327000 	C:\WINDOWS\System32\sechost.dll
0x00007ff9bf730000 - 0x00007ff9bf850000 	C:\WINDOWS\System32\RPCRT4.dll
0x00007ff9bfb60000 - 0x00007ff9bfcf5000 	C:\WINDOWS\System32\USER32.dll
0x00007ff9be860000 - 0x00007ff9be881000 	C:\WINDOWS\System32\win32u.dll
0x00007ff9c0260000 - 0x00007ff9c0286000 	C:\WINDOWS\System32\GDI32.dll
0x00007ff9be890000 - 0x00007ff9bea26000 	C:\WINDOWS\System32\gdi32full.dll
0x00007ff9bd910000 - 0x00007ff9bd9ae000 	C:\WINDOWS\System32\msvcp_win.dll
0x00007ff9be4b0000 - 0x00007ff9be5aa000 	C:\WINDOWS\System32\ucrtbase.dll
0x00007ff9a24f0000 - 0x00007ff9a2774000 	C:\WINDOWS\WinSxS\amd64_microsoft.windows.common-controls_6595b64144ccf1df_6.0.18362.1082_none_9e8193e1e45b25c1\COMCTL32.dll
0x00007ff9bfdc0000 - 0x00007ff9c00f5000 	C:\WINDOWS\System32\combase.dll
0x00007ff9be3e0000 - 0x00007ff9be460000 	C:\WINDOWS\System32\bcryptPrimitives.dll
0x00007ff9bef70000 - 0x00007ff9bef9e000 	C:\WINDOWS\System32\IMM32.DLL
0x0000000075940000 - 0x0000000075a12000 	C:\Program Files\Java\jdk1.8.0_221\jre\bin\msvcr100.dll
0x0000000075090000 - 0x0000000075935000 	C:\Program Files\Java\jdk1.8.0_221\jre\bin\server\jvm.dll
0x00007ff9bf720000 - 0x00007ff9bf728000 	C:\WINDOWS\System32\PSAPI.DLL
0x00007ff9b4950000 - 0x00007ff9b4974000 	C:\WINDOWS\SYSTEM32\WINMM.dll
0x00007ff998380000 - 0x00007ff998389000 	C:\WINDOWS\SYSTEM32\WSOCK32.dll
0x00007ff9b2cd0000 - 0x00007ff9b2cda000 	C:\WINDOWS\SYSTEM32\VERSION.dll
0x00007ff9c08d0000 - 0x00007ff9c093f000 	C:\WINDOWS\System32\WS2_32.dll
0x00007ff9b4920000 - 0x00007ff9b494d000 	C:\WINDOWS\SYSTEM32\WINMMBASE.dll
0x00007ff9be5b0000 - 0x00007ff9be5fa000 	C:\WINDOWS\System32\cfgmgr32.dll
0x00007ff9b5b30000 - 0x00007ff9b5b3f000 	C:\Program Files\Java\jdk1.8.0_221\jre\bin\verify.dll
0x00007ff997d40000 - 0x00007ff997d69000 	C:\Program Files\Java\jdk1.8.0_221\jre\bin\java.dll
0x00007ff997d10000 - 0x00007ff997d33000 	C:\Program Files\Java\jdk1.8.0_221\jre\bin\instrument.dll
0x00007ff99e0e0000 - 0x00007ff99e0f6000 	C:\Program Files\Java\jdk1.8.0_221\jre\bin\zip.dll
0x00007ff9befa0000 - 0x00007ff9bf687000 	C:\WINDOWS\System32\SHELL32.dll
0x00007ff9bfab0000 - 0x00007ff9bfb59000 	C:\WINDOWS\System32\shcore.dll
0x00007ff9bdc60000 - 0x00007ff9be3e0000 	C:\WINDOWS\System32\windows.storage.dll
0x00007ff9bd8e0000 - 0x00007ff9bd903000 	C:\WINDOWS\System32\profapi.dll
0x00007ff9bd870000 - 0x00007ff9bd8ba000 	C:\WINDOWS\System32\powrprof.dll
0x00007ff9bd840000 - 0x00007ff9bd850000 	C:\WINDOWS\System32\UMPDC.dll
0x00007ff9bea30000 - 0x00007ff9bea82000 	C:\WINDOWS\System32\shlwapi.dll
0x00007ff9bd850000 - 0x00007ff9bd861000 	C:\WINDOWS\System32\kernel.appcore.dll
0x00007ff9be460000 - 0x00007ff9be477000 	C:\WINDOWS\System32\cryptsp.dll
0x00007ff99acb0000 - 0x00007ff99acca000 	C:\Program Files\JetBrains\IntelliJ IDEA Community Edition 2020.1.1\bin\breakgen64.dll
0x00007ff99ac10000 - 0x00007ff99ac2a000 	C:\Program Files\Java\jdk1.8.0_221\jre\bin\net.dll
0x00007ff9a2ba0000 - 0x00007ff9a2d76000 	C:\WINDOWS\SYSTEM32\urlmon.dll
0x00007ff9a4d40000 - 0x00007ff9a4fe6000 	C:\WINDOWS\SYSTEM32\iertutil.dll
0x00007ff9bd260000 - 0x00007ff9bd26c000 	C:\WINDOWS\SYSTEM32\CRYPTBASE.DLL
0x00007ff9bd090000 - 0x00007ff9bd0f7000 	C:\WINDOWS\system32\mswsock.dll
0x00007ff9978a0000 - 0x00007ff9978b2000 	C:\Program Files\Java\jdk1.8.0_221\jre\bin\nio.dll
0x00007ff9bcc00000 - 0x00007ff9bcc33000 	C:\WINDOWS\system32\rsaenh.dll
0x00007ff9be480000 - 0x00007ff9be4a6000 	C:\WINDOWS\System32\bcrypt.dll
0x00007ff9bd760000 - 0x00007ff9bd785000 	C:\WINDOWS\SYSTEM32\USERENV.dll
0x00007ff9bcda0000 - 0x00007ff9bcdda000 	C:\WINDOWS\SYSTEM32\IPHLPAPI.DLL
0x00007ff9c07b0000 - 0x00007ff9c07b8000 	C:\WINDOWS\System32\NSI.dll
0x00007ff9b7e70000 - 0x00007ff9b7e86000 	C:\WINDOWS\SYSTEM32\dhcpcsvc6.DLL
0x00007ff9b7e50000 - 0x00007ff9b7e6c000 	C:\WINDOWS\SYSTEM32\dhcpcsvc.DLL
0x00007ff9bcdf0000 - 0x00007ff9bcebb000 	C:\WINDOWS\SYSTEM32\DNSAPI.dll
0x00007ff999440000 - 0x00007ff99944d000 	C:\Program Files\Java\jdk1.8.0_221\jre\bin\management.dll
0x00007ff99ae40000 - 0x00007ff99ae56000 	C:\WINDOWS\system32\napinsp.dll
0x00007ff99ae20000 - 0x00007ff99ae3a000 	C:\WINDOWS\system32\pnrpnsp.dll
0x00007ff9b5580000 - 0x00007ff9b5595000 	C:\WINDOWS\system32\wshbth.dll
0x00007ff9b5a00000 - 0x00007ff9b5a1c000 	C:\WINDOWS\system32\NLAapi.dll
0x00007ff99ae10000 - 0x00007ff99ae1e000 	C:\WINDOWS\System32\winrnr.dll
0x00007ff9b0bb0000 - 0x00007ff9b0bba000 	C:\Windows\System32\rasadhlp.dll
0x00007ff9b4d00000 - 0x00007ff9b4d77000 	C:\WINDOWS\System32\fwpuclnt.dll

VM Arguments:
jvm_args: -javaagent:C:\Program Files\JetBrains\IntelliJ IDEA Community Edition 2020.1.1\lib\idea_rt.jar=57050:C:\Program Files\JetBrains\IntelliJ IDEA Community Edition 2020.1.1\bin -Dfile.encoding=UTF-8 
java_command: MasterInitiator
java_class_path (initial): C:\Program Files\Java\jdk1.8.0_221\jre\lib\charsets.jar;C:\Program Files\Java\jdk1.8.0_221\jre\lib\deploy.jar;C:\Program Files\Java\jdk1.8.0_221\jre\lib\ext\access-bridge-64.jar;C:\Program Files\Java\jdk1.8.0_221\jre\lib\ext\cldrdata.jar;C:\Program Files\Java\jdk1.8.0_221\jre\lib\ext\dnsns.jar;C:\Program Files\Java\jdk1.8.0_221\jre\lib\ext\jaccess.jar;C:\Program Files\Java\jdk1.8.0_221\jre\lib\ext\jfxrt.jar;C:\Program Files\Java\jdk1.8.0_221\jre\lib\ext\localedata.jar;C:\Program Files\Java\jdk1.8.0_221\jre\lib\ext\nashorn.jar;C:\Program Files\Java\jdk1.8.0_221\jre\lib\ext\sunec.jar;C:\Program Files\Java\jdk1.8.0_221\jre\lib\ext\sunjce_provider.jar;C:\Program Files\Java\jdk1.8.0_221\jre\lib\ext\sunmscapi.jar;C:\Program Files\Java\jdk1.8.0_221\jre\lib\ext\sunpkcs11.jar;C:\Program Files\Java\jdk1.8.0_221\jre\lib\ext\zipfs.jar;C:\Program Files\Java\jdk1.8.0_221\jre\lib\javaws.jar;C:\Program Files\Java\jdk1.8.0_221\jre\lib\jce.jar;C:\Program Files\Java\jdk1.8.0_221\jre\lib\jfr.jar;C:\Program Files\Java\jdk1.8.0_221\jre\lib\jfxswt.jar;C:\Program Files\Java\jdk1.8.0_221\jre\lib\jsse.jar;C:\Program Files\Java\jdk1.8.0_221\jre\lib\management-agent.jar;C:\Program Files\Java\jdk1.8.0_221\jre\lib\plugin.jar;C:\Program Files\Java\jdk1.8.0_221\jre\lib\resources.jar;C:\Program Files\Java\jdk1.8.0_221\jre\lib\rt.jar;E:\MapRedCloud2\CloudComp2\target\classes;C:\Users\jejur\.m2\repository\com\google\protobuf\protobuf-java\3.6.1\protobuf-java-3.6.1.jar;C:\Users\jejur\.m2\repository\io\grpc\grpc-netty-shaded\1.15.1\grpc-netty-shaded-1.15.1.jar;C:\Users\jejur\.m2\repository\io\grpc\grpc-core\1.15.1\grpc-core-1.15.1.jar;C:\Users\jejur\.m2\repository\io\grpc\grpc-context\1.15.1\grpc-context-1.15.1.jar;C:\Users\jejur\.m2\repository\com\google\code\gson\gson\2.7\gson-2.7.jar;C:\Users\jejur\.m2\repository\com\google\errorprone\error_prone_annotations\2.2.0\error_prone_annotations-2.2.0.jar;C:\Users\jejur\.m2\repository\com\google\code\findbugs\jsr305\3.0.0\jsr305
Launcher Type: SUN_STANDARD

Environment Variables:
JAVA_HOME=C:\Program Files\Java\jdk1.8.0_221
PATH=C:\Program Files (x86)\Common Files\Oracle\Java\javapath;C:\windows\system32;C:\windows;C:\windows\System32\Wbem;C:\windows\System32\WindowsPowerShell\v1.0\;C:\windows\System32\OpenSSH\;C:\Program Files (x86)\Intel\Intel(R) Management Engine Components\DAL;C:\Program Files\Intel\Intel(R) Management Engine Components\DAL;C:\Program Files (x86)\NVIDIA Corporation\PhysX\Common;C:\Program Files\NVIDIA Corporation\NVIDIA NvDLISR;C:\Program Files\Intel\WiFi\bin\;C:\Program Files\Common Files\Intel\WirelessCommon\;C:\WINDOWS\system32;C:\WINDOWS;C:\WINDOWS\System32\Wbem;C:\WINDOWS\System32\WindowsPowerShell\v1.0\;C:\WINDOWS\System32\OpenSSH\;C:\Program Files\PuTTY\;C:\Program Files\nodejs\;C:\Program Files\Git\cmd;C:\Program Files\Amazon\AWSCLI\bin\;C:\Program Files\Common Files\Tom Sawyer Software\10.0.0;C:\Users\jejur\anacondanew;C:\Users\jejur\anacondanew\Library\mingw-w64\bin;C:\Users\jejur\anacondanew\Library\usr\bin;C:\Users\jejur\anacondanew\Library\bin;C:\Users\jejur\anacondanew\Scripts;C:\Users\jejur\AppData\Local\Microsoft\WindowsApps;C:\Users\jejur\AppData\Roaming\npm;C:\Users\jejur\AppData\Local\GitHubDesktop\bin;C:\Users\jejur\AppData\Local\Programs\Microsoft VS Code\bin;E:\ZooKeeper\zookeeper-3.4.14\bin;C:\Program Files\Java\jdk1.8.0_221\bin;C:\Users\jejur\AppData\Local\Box\Box Edit\;E:\apache-maven-3.6.3\bin;
USERNAME=jejur
OS=Windows_NT
PROCESSOR_IDENTIFIER=Intel64 Family 6 Model 142 Stepping 11, GenuineIntel



---------------  S Y S T E M  ---------------

OS: Windows 10.0 , 64 bit Build 18362 (10.0.18362.1082)

CPU:total 8 (initial active 8) (4 cores per cpu, 2 threads per core) family 6 model 142 stepping 11, cmov, cx8, fxsr, mmx, sse, sse2, sse3, ssse3, sse4.1, sse4.2, popcnt, avx, avx2, aes, clmul, erms, 3dnowpref, lzcnt, ht, tsc, tscinvbit, bmi1, bmi2, adx

Memory: 4k page, physical 16594356k(5871572k free), swap 39111984k(1322224k free)

vm_info: Java HotSpot(TM) 64-Bit Server VM (25.221-b11) for windows-amd64 JRE (1.8.0_221-b11), built on Jul  4 2019 04:39:29 by "java_re" with MS VC++ 10.0 (VS2010)

time: Sun Oct 11 14:26:08 2020
timezone: US Eastern Daylight Time
elapsed time: 15 seconds (0d 0h 0m 15s)

