#
# There is insufficient memory for the Java Runtime Environment to continue.
# Native memory allocation (malloc) failed to allocate 87616 bytes for Chunk::new
# Possible reasons:
#   The system is out of physical RAM or swap space
#   The process is running with CompressedOops enabled, and the Java Heap may be blocking the growth of the native heap
# Possible solutions:
#   Reduce memory load on the system
#   Increase physical memory or swap space
#   Check if swap backing store is full
#   Decrease Java heap size (-Xmx/-Xms)
#   Decrease number of Java threads
#   Decrease Java thread stack sizes (-Xss)
#   Set larger code cache with -XX:ReservedCodeCacheSize=
#   JVM is running with Zero Based Compressed Oops mode in which the Java heap is
#     placed in the first 32GB address space. The Java Heap base address is the
#     maximum limit for the native heap growth. Please use -XX:HeapBaseMinAddress
#     to set the Java Heap base and to place the Java Heap above 32GB virtual address.
# This output file may be truncated or incomplete.
#
#  Out of Memory Error (allocation.cpp:389), pid=25544, tid=0x0000000000005b40
#
# JRE version: Java(TM) SE Runtime Environment (8.0_221-b11) (build 1.8.0_221-b11)
# Java VM: Java HotSpot(TM) 64-Bit Server VM (25.221-b11 mixed mode windows-amd64 compressed oops)
# Failed to write core dump. Minidumps are not enabled by default on client versions of Windows
#

---------------  T H R E A D  ---------------

Current thread (0x000000001decd000):  JavaThread "C2 CompilerThread1" daemon [_thread_in_native, id=23360, stack(0x000000001e8a0000,0x000000001e9a0000)]

Stack: [0x000000001e8a0000,0x000000001e9a0000]
[error occurred during error reporting (printing stack bounds), id 0xc0000005]

Native frames: (J=compiled Java code, j=interpreted, Vv=VM code, C=native code)


Current CompileTask:
C2:   4676  218       4       java.lang.String::replace (127 bytes)


---------------  P R O C E S S  ---------------

Java Threads: ( => current thread )
  0x000000001dee1800 JavaThread "Service Thread" daemon [_thread_blocked, id=25144, stack(0x000000001eba0000,0x000000001eca0000)]
  0x000000001ded4800 JavaThread "C1 CompilerThread3" daemon [_thread_in_native, id=24548, stack(0x000000001eaa0000,0x000000001eba0000)]
  0x000000001dece000 JavaThread "C2 CompilerThread2" daemon [_thread_blocked, id=23508, stack(0x000000001e9a0000,0x000000001eaa0000)]
=>0x000000001decd000 JavaThread "C2 CompilerThread1" daemon [_thread_in_native, id=23360, stack(0x000000001e8a0000,0x000000001e9a0000)]
  0x000000001decb000 JavaThread "C2 CompilerThread0" daemon [_thread_blocked, id=23356, stack(0x000000001e7a0000,0x000000001e8a0000)]
  0x000000001dec7000 JavaThread "Attach Listener" daemon [_thread_blocked, id=23352, stack(0x000000001e6a0000,0x000000001e7a0000)]
  0x000000001dec6000 JavaThread "Signal Dispatcher" daemon [_thread_blocked, id=23348, stack(0x000000001e5a0000,0x000000001e6a0000)]
  0x000000001dec1000 JavaThread "Finalizer" daemon [_thread_blocked, id=27040, stack(0x000000001e3a0000,0x000000001e4a0000)]
  0x000000001dec0800 JavaThread "Reference Handler" daemon [_thread_blocked, id=27016, stack(0x000000001e2a0000,0x000000001e3a0000)]
  0x0000000002622800 JavaThread "main" [_thread_in_vm, id=26332, stack(0x0000000002510000,0x0000000002610000)]

Other Threads:
  0x000000001c099000 VMThread [stack: 0x000000001dda0000,0x000000001dea0000] [id=26808]
  0x000000001dee3800 WatcherThread [stack: 0x000000001eca0000,0x000000001eda0000] [id=25152]

VM state:not at safepoint (normal execution)

VM Mutex/Monitor currently owned by a thread:  ([mutex/lock_event])
[0x000000000261cdb0] AdapterHandlerLibrary_lock - owner thread: 0x0000000002622800

heap address: 0x00000006c2c00000, size: 4052 MB, Compressed Oops mode: Zero based, Oop shift amount: 3
Narrow klass base: 0x0000000000000000, Narrow klass shift: 3
Compressed class space size: 1073741824 Address: 0x00000007c0000000

Heap:
 PSYoungGen      total 75776K, used 7817K [0x000000076b980000, 0x0000000770e00000, 0x00000007c0000000)
  eden space 65024K, 12% used [0x000000076b980000,0x000000076c1227a8,0x000000076f900000)
  from space 10752K, 0% used [0x0000000770380000,0x0000000770380000,0x0000000770e00000)
  to   space 10752K, 0% used [0x000000076f900000,0x000000076f900000,0x0000000770380000)
 ParOldGen       total 173568K, used 0K [0x00000006c2c00000, 0x00000006cd580000, 0x000000076b980000)
  object space 173568K, 0% used [0x00000006c2c00000,0x00000006c2c00000,0x00000006cd580000)
 Metaspace       used 5273K, capacity 5728K, committed 5888K, reserved 1056768K
  class space    used 622K, capacity 656K, committed 768K, reserved 1048576K

Card table byte_map: [0x0000000011ae0000,0x00000000122d0000] byte_map_base: 0x000000000e4ca000

Marking Bits: (ParMarkBitMap*) 0x00000000758b5ce0
 Begin Bits: [0x0000000013020000, 0x0000000016f70000)
 End Bits:   [0x0000000016f70000, 0x000000001aec0000)

Polling page: 0x0000000000ae0000

CodeCache: size=245760Kb used=1563Kb max_used=1563Kb free=244196Kb
 bounds [0x0000000002720000, 0x0000000002990000, 0x0000000011720000]
 total_blobs=503 nmethods=225 adapters=191
 compilation: enabled

Compilation events (10 events):
Event: 4.668 Thread 0x000000001ded4800 nmethod 216 0x00000000028a19d0 code [0x00000000028a1ba0, 0x00000000028a2218]
Event: 4.668 Thread 0x000000001ded4800  217       3       java.util.Objects::requireNonNull (15 bytes)
Event: 4.668 Thread 0x000000001ded4800 nmethod 217 0x00000000028a2510 code [0x00000000028a2680, 0x00000000028a28a8]
Event: 4.668 Thread 0x000000001ded4800  219  s    3       java.lang.Throwable::fillInStackTrace (29 bytes)
Event: 4.668 Thread 0x000000001ded4800 nmethod 219 0x00000000028a2990 code [0x00000000028a2b00, 0x00000000028a2ea8]
Event: 4.670 Thread 0x000000001ded4800  220       3       java.util.WeakHashMap::put (162 bytes)
Event: 4.671 Thread 0x000000001ded4800 nmethod 220 0x00000000028a2f50 code [0x00000000028a3180, 0x00000000028a4038]
Event: 4.671 Thread 0x000000001ded4800  221       3       java.util.WeakHashMap$Entry::<init> (24 bytes)
Event: 4.672 Thread 0x000000001ded4800 nmethod 221 0x00000000028a46d0 code [0x00000000028a4840, 0x00000000028a4b90]
Event: 4.674 Thread 0x000000001ded4800  222       3       java.util.ArrayDeque::poll (5 bytes)

GC Heap History (0 events):
No events

Deoptimization events (0 events):
No events

Classes redefined (0 events):
No events

Internal exceptions (6 events):
Event: 1.481 Thread 0x0000000002622800 Exception <a 'java/lang/NoSuchMethodError': Method sun.misc.Unsafe.defineClass(Ljava/lang/String;[BII)Ljava/lang/Class; name or signature does not match> (0x000000076b987cb8) thrown at [C:\re\workspace\8-2-build-windows-amd64-cygwin\jdk8u221\13320\hotspot
Event: 1.481 Thread 0x0000000002622800 Exception <a 'java/lang/NoSuchMethodError': Method sun.misc.Unsafe.prefetchRead(Ljava/lang/Object;J)V name or signature does not match> (0x000000076b987fa0) thrown at [C:\re\workspace\8-2-build-windows-amd64-cygwin\jdk8u221\13320\hotspot\src\share\vm\prim
Event: 3.121 Thread 0x0000000002622800 Exception <a 'java/security/PrivilegedActionException'> (0x000000076ba533b8) thrown at [C:\re\workspace\8-2-build-windows-amd64-cygwin\jdk8u221\13320\hotspot\src\share\vm\prims\jvm.cpp, line 1502]
Event: 3.121 Thread 0x0000000002622800 Exception <a 'java/security/PrivilegedActionException'> (0x000000076ba535c8) thrown at [C:\re\workspace\8-2-build-windows-amd64-cygwin\jdk8u221\13320\hotspot\src\share\vm\prims\jvm.cpp, line 1502]
Event: 3.124 Thread 0x0000000002622800 Exception <a 'java/security/PrivilegedActionException'> (0x000000076ba576c0) thrown at [C:\re\workspace\8-2-build-windows-amd64-cygwin\jdk8u221\13320\hotspot\src\share\vm\prims\jvm.cpp, line 1502]
Event: 3.124 Thread 0x0000000002622800 Exception <a 'java/security/PrivilegedActionException'> (0x000000076ba578d0) thrown at [C:\re\workspace\8-2-build-windows-amd64-cygwin\jdk8u221\13320\hotspot\src\share\vm\prims\jvm.cpp, line 1502]

Events (10 events):
Event: 4.668 loading class org/apache/log4j/Layout
Event: 4.668 loading class org/apache/log4j/Layout done
Event: 4.668 loading class org/apache/log4j/helpers/OnlyOnceErrorHandler
Event: 4.668 loading class org/apache/log4j/helpers/OnlyOnceErrorHandler done
Event: 4.669 loading class org/apache/log4j/PatternLayout
Event: 4.669 loading class org/apache/log4j/PatternLayout done
Event: 4.669 loading class org/apache/log4j/helpers/PatternParser
Event: 4.669 loading class org/apache/log4j/helpers/PatternParser done
Event: 4.674 loading class org/apache/log4j/helpers/PatternParser$CategoryPatternConverter
Event: 4.674 loading class org/apache/log4j/helpers/PatternParser$CategoryPatternConverter done


Dynamic libraries:
0x00007ff608d70000 - 0x00007ff608da7000 	C:\WINDOWS\System32\gdi32full.dll
0x00007ff9c0980000 - 0x00007ff9c0b70000 	C:\WINDOWS\SYSTEM32\ntdll.dll
0x00007ff9bfd00000 - 0x00007ff9bfdb2000 	C:\WINDOWS\System32\KERNEL32.DLL
0x00007ff9bd9b0000 - 0x00007ff9bdc55000 	C:\WINDOWS\System32\ucrtbase.dll
0x00007ff9c0700000 - 0x00007ff9c07a3000 	C:\WINDOWS\System32\ADVAPI32.dll
0x00007ff9bfa10000 - 0x00007ff9bfaae000 	C:\WINDOWS\System32\msvcrt.dll
0x00007ff9c0290000 - 0x00007ff9c0327000 	C:\WINDOWS\System32\sechost.dll
0x00007ff9bf730000 - 0x00007ff9bf850000 	C:\WINDOWS\System32\RPCRT4.dll
0x00007ff9bfb60000 - 0x00007ff9bfcf5000 	C:\WINDOWS\System32\IMM32.DLL
0x00007ff9be860000 - 0x00007ff9be881000 	C:\Program Files\Java\jdk1.8.0_221\jre\bin\msvcr100.dll
0x00007ff9c0260000 - 0x00007ff9c0286000 	C:\Program Files\Java\jdk1.8.0_221\jre\bin\server\jvm.dll
0x00007ff9be890000 - 0x00007ff9bea26000 	C:\WINDOWS\System32\gdi32full.dll
0x00007ff9bd910000 - 0x00007ff9bd9ae000 	C:\WINDOWS\System32\msvcp_win.dll
0x00007ff9be4b0000 - 0x00007ff9be5aa000 	C:\WINDOWS\SYSTEM32\WSOCK32.dll
0x00007ff9a24f0000 - 0x00007ff9a2774000 	C:\WINDOWS\System32\WS2_32.dll
0x00007ff9bfdc0000 - 0x00007ff9c00f5000 	C:\WINDOWS\System32\combase.dll
0x00007ff9be3e0000 - 0x00007ff9be460000 	C:\WINDOWS\System32\bcryptPrimitives.dll
0x00007ff9bef70000 - 0x00007ff9bef9e000 	C:\WINDOWS\System32\IMM32.DLL
0x0000000075940000 - 0x0000000075a12000 	C:\Program Files\Java\jdk1.8.0_221\jre\bin\msvcr100.dll
0x0000000075090000 - 0x0000000075935000 	C:\WINDOWS\System32\cfgmgr32.dll
0x00007ff9bf720000 - 0x00007ff9bf728000 	C:\WINDOWS\System32\PSAPI.DLL
0x00007ff998380000 - 0x00007ff998389000 	C:\WINDOWS\SYSTEM32\WSOCK32.dll
0x00007ff9c08d0000 - 0x00007ff9c093f000 	C:\WINDOWS\System32\WS2_32.dll
0x00007ff9b4950000 - 0x00007ff9b4974000 	C:\WINDOWS\SYSTEM32\WINMM.dll
0x00007ff9b2cd0000 - 0x00007ff9b2cda000 	C:\Program Files\Java\jdk1.8.0_221\jre\bin\zip.dll
0x00007ff9b4920000 - 0x00007ff9b494d000 	C:\WINDOWS\SYSTEM32\winmmbase.dll
0x00007ff9be5b0000 - 0x00007ff9be5fa000 	C:\WINDOWS\System32\ADVAPI32.dll
0x00007ff9b5b30000 - 0x00007ff9b5b3f000 	C:\WINDOWS\System32\RPCRT4.dll
0x00007ff997d40000 - 0x00007ff997d69000 	C:\WINDOWS\System32\GDI32.dll
0x00007ff99e0e0000 - 0x00007ff99e0f6000 	C:\WINDOWS\System32\msvcp_win.dll
0x00007ff9befa0000 - 0x00007ff9bf687000 	C:\WINDOWS\WinSxS\amd64_microsoft.windows.common-controls_6595b64144ccf1df_6.0.18362.1082_none_9e8193e1e45b25c1\COMCTL32.dll
0x00007ff9bfab0000 - 0x00007ff9bfb59000 	C:\WINDOWS\System32\bcryptPrimitives.dll
0x00007ff9bdc60000 - 0x00007ff9be3e0000 	C:\Program Files\Java\jdk1.8.0_221\jre\bin\msvcr100.dll
0x00007ff9bd8e0000 - 0x00007ff9bd903000 	C:\WINDOWS\System32\PSAPI.DLL
0x00007ff9bd870000 - 0x00007ff9bd8ba000 	C:\WINDOWS\SYSTEM32\WSOCK32.dll
0x00007ff9bd840000 - 0x00007ff9bd850000 	C:\WINDOWS\SYSTEM32\WINMM.dll
0x00007ff9bea30000 - 0x00007ff9bea82000 	C:\WINDOWS\SYSTEM32\VERSION.dll
0x00007ff9bd850000 - 0x00007ff9bd861000 	C:\WINDOWS\System32\cfgmgr32.dll
0x00007ff9be460000 - 0x00007ff9be477000 	C:\WINDOWS\System32\cryptsp.dll

VM Arguments:
java_command: E:\MapRedCloud2\CloudComp2\out\artifacts\WordReducerProject_jar\WordReducerProject.jar R_0 6
java_class_path (initial): E:\MapRedCloud2\CloudComp2\out\artifacts\WordReducerProject_jar\WordReducerProject.jar
Launcher Type: SUN_STANDARD

Environment Variables:
JAVA_HOME=C:\Program Files\Java\jdk1.8.0_221
PATH=C:\Program Files (x86)\Common Files\Oracle\Java\javapath;C:\windows\system32;C:\windows;C:\windows\System32\Wbem;C:\windows\System32\WindowsPowerShell\v1.0\;C:\windows\System32\OpenSSH\;C:\Program Files (x86)\Intel\Intel(R) Management Engine Components\DAL;C:\Program Files\Intel\Intel(R) Management Engine Components\DAL;C:\Program Files (x86)\NVIDIA Corporation\PhysX\Common;C:\Program Files\NVIDIA Corporation\NVIDIA NvDLISR;C:\Program Files\Intel\WiFi\bin\;C:\Program Files\Common Files\Intel\WirelessCommon\;C:\WINDOWS\system32;C:\WINDOWS;C:\WINDOWS\System32\Wbem;C:\WINDOWS\System32\WindowsPowerShell\v1.0\;C:\WINDOWS\System32\OpenSSH\;C:\Program Files\PuTTY\;C:\Program Files\nodejs\;C:\Program Files\Git\cmd;C:\Program Files\Amazon\AWSCLI\bin\;C:\Program Files\Common Files\Tom Sawyer Software\10.0.0;C:\Users\jejur\anacondanew;C:\Users\jejur\anacondanew\Library\mingw-w64\bin;C:\Users\jejur\anacondanew\Library\usr\bin;C:\Users\jejur\anacondanew\Library\bin;C:\Users\jejur\anacondanew\Scripts;C:\Users\jejur\AppData\Local\Microsoft\WindowsApps;C:\Users\jejur\AppData\Roaming\npm;C:\Users\jejur\AppData\Local\GitHubDesktop\bin;C:\Users\jejur\AppData\Local\Programs\Microsoft VS Code\bin;E:\ZooKeeper\zookeeper-3.4.14\bin;C:\Program Files\Java\jdk1.8.0_221\bin;C:\Users\jejur\AppData\Local\Box\Box Edit\;E:\apache-maven-3.6.3\bin;
USERNAME=jejur
OS=Windows_NT
PROCESSOR_IDENTIFIER=Intel64 Family 6 Model 142 Stepping 11, GenuineIntel



---------------  S Y S T E M  ---------------

OS: Windows 10.0 , 64 bit Build 18362 (10.0.18362.1082)

CPU:total 8 (initial active 8) (4 cores per cpu, 2 threads per core) family 6 model 142 stepping 11, cmov, cx8, fxsr, mmx, sse, sse2, sse3, ssse3, sse4.1, sse4.2, popcnt, avx, avx2, aes, clmul, erms, 3dnowpref, lzcnt, ht, tsc, tscinvbit, bmi1, bmi2, adx

Memory: 4k page, physical 16594356k(5928148k free), swap 39111984k(120k free)

vm_info: Java HotSpot(TM) 64-Bit Server VM (25.221-b11) for windows-amd64 JRE (1.8.0_221-b11), built on Jul  4 2019 04:39:29 by "java_re" with MS VC++ 10.0 (VS2010)

time: Sun Oct 11 14:26:06 2020
timezone: US Eastern Daylight Time
elapsed time: 4 seconds (0d 0h 0m 4s)

